#
# There is insufficient memory for the Java Runtime Environment to continue.
# Native memory allocation (mmap) failed to map 143654912 bytes for G1 virtual space
# Possible reasons:
#   The system is out of physical RAM or swap space
#   The process is running with CompressedOops enabled, and the Java Heap may be blocking the growth of the native heap
# Possible solutions:
#   Reduce memory load on the system
#   Increase physical memory or swap space
#   Check if swap backing store is full
#   Decrease Java heap size (-Xmx/-Xms)
#   Decrease number of Java threads
#   Decrease Java thread stack sizes (-Xss)
#   Set larger code cache with -XX:ReservedCodeCacheSize=
#   JVM is running with Unscaled Compressed Oops mode in which the Java heap is
#     placed in the first 4GB address space. The Java Heap base address is the
#     maximum limit for the native heap growth. Please use -XX:HeapBaseMinAddress
#     to set the Java Heap base and to place the Java Heap above 4GB virtual address.
# This output file may be truncated or incomplete.
#
#  Out of Memory Error (os_windows.cpp:3769), pid=5016, tid=9512
#
# JRE version: OpenJDK Runtime Environment (17.0.6) (build 17.0.6+0-b2043.56-10027231)
# Java VM: OpenJDK 64-Bit Server VM (17.0.6+0-b2043.56-10027231, mixed mode, tiered, compressed oops, compressed class ptrs, g1 gc, windows-amd64)
# No core dump will be written. Minidumps are not enabled by default on client versions of Windows
#

---------------  S U M M A R Y ------------

Command Line: --add-opens=java.base/java.util=ALL-UNNAMED --add-opens=java.base/java.lang=ALL-UNNAMED --add-opens=java.base/java.lang.invoke=ALL-UNNAMED --add-opens=java.prefs/java.util.prefs=ALL-UNNAMED --add-opens=java.base/java.nio.charset=ALL-UNNAMED --add-opens=java.base/java.net=ALL-UNNAMED --add-opens=java.base/java.util.concurrent.atomic=ALL-UNNAMED -Xmx2048m -Dfile.encoding=UTF-8 -Duser.country=US -Duser.language=en -Duser.variant org.gradle.launcher.daemon.bootstrap.GradleDaemon 8.0

Host: 11th Gen Intel(R) Core(TM) i5-1135G7 @ 2.40GHz, 8 cores, 7G,  Windows 11 , 64 bit Build 22621 (10.0.22621.3958)
Time: Sat Oct 26 12:27:47 2024 SE Asia Standard Time elapsed time: 19.785916 seconds (0d 0h 0m 19s)

---------------  T H R E A D  ---------------

Current thread (0x00000246a18ea3f0):  VMThread "VM Thread" [stack: 0x000000c4bef00000,0x000000c4bf000000] [id=9512]

Stack: [0x000000c4bef00000,0x000000c4bf000000]
Native frames: (J=compiled Java code, j=interpreted, Vv=VM code, C=native code)
V  [jvm.dll+0x683c9a]
V  [jvm.dll+0x8427a4]
V  [jvm.dll+0x843f9e]
V  [jvm.dll+0x844603]
V  [jvm.dll+0x249b75]
V  [jvm.dll+0x680b69]
V  [jvm.dll+0x67505a]
V  [jvm.dll+0x309acb]
V  [jvm.dll+0x310f86]
V  [jvm.dll+0x3608ee]
V  [jvm.dll+0x360b1f]
V  [jvm.dll+0x2dfbf8]
V  [jvm.dll+0x2ddec4]
V  [jvm.dll+0x2dd4cc]
V  [jvm.dll+0x321f3b]
V  [jvm.dll+0x848ccb]
V  [jvm.dll+0x849a04]
V  [jvm.dll+0x849f1d]
V  [jvm.dll+0x84a2f4]
V  [jvm.dll+0x84a3c0]
V  [jvm.dll+0x7f274a]
V  [jvm.dll+0x682ad5]
C  [ucrtbase.dll+0x29333]
C  [KERNEL32.DLL+0x1257d]
C  [ntdll.dll+0x5af08]

VM_Operation (0x000000c4c0ffdce0): G1CollectForAllocation, mode: safepoint, requested by thread 0x00000246a3bceaa0


---------------  P R O C E S S  ---------------

Threads class SMR info:
_java_thread_list=0x00000246a7fdac20, length=135, elements={
0x0000024687a8e610, 0x00000246a18d2bf0, 0x00000246a18d37a0, 0x00000246a24328d0,
0x00000246a2433480, 0x00000246a2433f30, 0x00000246a2437900, 0x00000246a2438690,
0x00000246a2439130, 0x00000246a2445030, 0x00000246a25c5e80, 0x00000246a25c6350,
0x00000246a38231c0, 0x00000246a3c96e60, 0x00000246a4c0b2b0, 0x00000246a3c02860,
0x00000246a518eb10, 0x00000246a518efe0, 0x00000246a4f7b8a0, 0x00000246a508f880,
0x00000246a3bce100, 0x00000246a3bce5d0, 0x00000246a3bcb5b0, 0x00000246a3bceaa0,
0x00000246a3bcef70, 0x00000246a3bcc420, 0x00000246a3bcd290, 0x00000246a3bcd760,
0x00000246a3bcc8f0, 0x00000246a3bccdc0, 0x00000246a3bcdc30, 0x00000246a3bcbf50,
0x00000246a568f350, 0x00000246a568ee80, 0x00000246a56949f0, 0x00000246a56901c0,
0x00000246a568e9b0, 0x00000246a5691030, 0x00000246a5692840, 0x00000246a5691500,
0x00000246a56931e0, 0x00000246a56919d0, 0x00000246a568e010, 0x00000246a5694520,
0x00000246a5694050, 0x00000246a568d1a0, 0x00000246a5691ea0, 0x00000246a5692d10,
0x00000246a56936b0, 0x00000246a568db40, 0x00000246a3233cc0, 0x00000246a3239360,
0x00000246a32359a0, 0x00000246a3237680, 0x00000246a3235000, 0x00000246a3239d00,
0x00000246a323b510, 0x00000246a3234190, 0x00000246a3239830, 0x00000246a3234660,
0x00000246a323a1d0, 0x00000246a32354d0, 0x00000246a32389c0, 0x00000246a32371b0,
0x00000246a323a6a0, 0x00000246a3236ce0, 0x00000246a3237b50, 0x00000246a3235e70,
0x00000246a323ab70, 0x00000246a323b040, 0x00000246a3238020, 0x00000246a3234b30,
0x00000246a32384f0, 0x00000246a3236340, 0x00000246a3238e90, 0x00000246a3236810,
0x00000246a7caaeb0, 0x00000246a7ca8360, 0x00000246a7ca7020, 0x00000246a7ca74f0,
0x00000246a7caa9e0, 0x00000246a7cab380, 0x00000246a7cab850, 0x00000246a7ca8d00,
0x00000246a7cabd20, 0x00000246a7caded0, 0x00000246a7cac1f0, 0x00000246a7ca6b50,
0x00000246a7cac6c0, 0x00000246a7ca91d0, 0x00000246a7cae3a0, 0x00000246a7ca79c0,
0x00000246a7cacb90, 0x00000246a7cad530, 0x00000246a7cad060, 0x00000246a7ca7e90,
0x00000246a7cada00, 0x00000246a7ca8830, 0x00000246a7ca96a0, 0x00000246a7ca9b70,
0x00000246a7caa040, 0x00000246a7caa510, 0x00000246a2547840, 0x00000246a25486b0,
0x00000246a254b200, 0x00000246a254ad30, 0x00000246a2544350, 0x00000246a25481e0,
0x00000246a2543e80, 0x00000246a2544820, 0x00000246a25469d0, 0x00000246a25451c0,
0x00000246a254a390, 0x00000246a2546ea0, 0x00000246a2547d10, 0x00000246a2544cf0,
0x00000246a254a860, 0x00000246a2548b80, 0x00000246a2547370, 0x00000246a2549050,
0x00000246a2545690, 0x00000246a25439b0, 0x00000246a2545b60, 0x00000246a2546030,
0x00000246a25499f0, 0x00000246a5f293b0, 0x00000246a5f2a220, 0x00000246a5f241e0,
0x00000246a5f27200, 0x00000246a5f29d50, 0x00000246a5f276d0, 0x00000246a5f2a6f0,
0x00000246a5f246b0, 0x00000246a5f23370, 0x00000246a5f24b80
}

Java Threads: ( => current thread )
  0x0000024687a8e610 JavaThread "main" [_thread_blocked, id=14692, stack(0x000000c4be900000,0x000000c4bea00000)]
  0x00000246a18d2bf0 JavaThread "Reference Handler" daemon [_thread_blocked, id=1732, stack(0x000000c4bf000000,0x000000c4bf100000)]
  0x00000246a18d37a0 JavaThread "Finalizer" daemon [_thread_blocked, id=13468, stack(0x000000c4bf100000,0x000000c4bf200000)]
  0x00000246a24328d0 JavaThread "Signal Dispatcher" daemon [_thread_blocked, id=13444, stack(0x000000c4bf200000,0x000000c4bf300000)]
  0x00000246a2433480 JavaThread "Attach Listener" daemon [_thread_blocked, id=7068, stack(0x000000c4bf300000,0x000000c4bf400000)]
  0x00000246a2433f30 JavaThread "Service Thread" daemon [_thread_blocked, id=8600, stack(0x000000c4bf400000,0x000000c4bf500000)]
  0x00000246a2437900 JavaThread "Monitor Deflation Thread" daemon [_thread_blocked, id=12328, stack(0x000000c4bf500000,0x000000c4bf600000)]
  0x00000246a2438690 JavaThread "C2 CompilerThread0" daemon [_thread_blocked, id=16184, stack(0x000000c4bf600000,0x000000c4bf700000)]
  0x00000246a2439130 JavaThread "C1 CompilerThread0" daemon [_thread_blocked, id=11764, stack(0x000000c4bf700000,0x000000c4bf800000)]
  0x00000246a2445030 JavaThread "Sweeper thread" daemon [_thread_blocked, id=684, stack(0x000000c4bf800000,0x000000c4bf900000)]
  0x00000246a25c5e80 JavaThread "Common-Cleaner" daemon [_thread_blocked, id=6008, stack(0x000000c4bf900000,0x000000c4bfa00000)]
  0x00000246a25c6350 JavaThread "Notification Thread" daemon [_thread_blocked, id=8820, stack(0x000000c4bfa00000,0x000000c4bfb00000)]
  0x00000246a38231c0 JavaThread "C2 CompilerThread1" daemon [_thread_blocked, id=16268, stack(0x000000c4c0000000,0x000000c4c0100000)]
  0x00000246a3c96e60 JavaThread "Daemon health stats" [_thread_blocked, id=3184, stack(0x000000c4c0100000,0x000000c4c0200000)]
  0x00000246a4c0b2b0 JavaThread "Incoming local TCP Connector on port 61531" [_thread_in_native, id=10580, stack(0x000000c4c0200000,0x000000c4c0300000)]
  0x00000246a3c02860 JavaThread "Daemon periodic checks" [_thread_blocked, id=10556, stack(0x000000c4c0300000,0x000000c4c0400000)]
  0x00000246a518eb10 JavaThread "Daemon" [_thread_blocked, id=15312, stack(0x000000c4c0400000,0x000000c4c0500000)]
  0x00000246a518efe0 JavaThread "Handler for socket connection from /127.0.0.1:61531 to /127.0.0.1:61532" [_thread_in_native, id=5708, stack(0x000000c4c0500000,0x000000c4c0600000)]
  0x00000246a4f7b8a0 JavaThread "Cancel handler" [_thread_blocked, id=9016, stack(0x000000c4c0600000,0x000000c4c0700000)]
  0x00000246a508f880 JavaThread "Daemon worker" [_thread_blocked, id=4808, stack(0x000000c4c0700000,0x000000c4c0800000)]
  0x00000246a3bce100 JavaThread "Asynchronous log dispatcher for DefaultDaemonConnection: socket connection from /127.0.0.1:61531 to /127.0.0.1:61532" [_thread_blocked, id=15772, stack(0x000000c4c0800000,0x000000c4c0900000)]
  0x00000246a3bce5d0 JavaThread "Stdin handler" [_thread_blocked, id=14380, stack(0x000000c4c0900000,0x000000c4c0a00000)]
  0x00000246a3bcb5b0 JavaThread "Daemon client event forwarder" [_thread_blocked, id=13376, stack(0x000000c4c0a00000,0x000000c4c0b00000)]
  0x00000246a3bceaa0 JavaThread "Cache worker for journal cache (C:\Users\ASUS\.gradle\caches\journal-1)" [_thread_blocked, id=16048, stack(0x000000c4c0f00000,0x000000c4c1000000)]
  0x00000246a3bcef70 JavaThread "File lock request listener" [_thread_in_native, id=2632, stack(0x000000c4c1000000,0x000000c4c1100000)]
  0x00000246a3bcc420 JavaThread "Cache worker for file hash cache (C:\Users\ASUS\.gradle\caches\8.0\fileHashes)" [_thread_blocked, id=8528, stack(0x000000c4c1100000,0x000000c4c1200000)]
  0x00000246a3bcd290 JavaThread "File watcher server" daemon [_thread_blocked, id=12788, stack(0x000000c4c1200000,0x000000c4c1300000)]
  0x00000246a3bcd760 JavaThread "File watcher consumer" daemon [_thread_blocked, id=15716, stack(0x000000c4c1300000,0x000000c4c1400000)]
  0x00000246a3bcc8f0 JavaThread "Cache worker for checksums cache (D:\0 Kuliah\Semester 3\PGPB\Acara 7\Navigation_PGPB_VII\.gradle\8.0\checksums)" [_thread_blocked, id=12244, stack(0x000000c4c1400000,0x000000c4c1500000)]
  0x00000246a3bccdc0 JavaThread "Cache worker for cache directory md-rule (C:\Users\ASUS\.gradle\caches\8.0\md-rule)" [_thread_blocked, id=7808, stack(0x000000c4c1500000,0x000000c4c1600000)]
  0x00000246a3bcdc30 JavaThread "Cache worker for file content cache (C:\Users\ASUS\.gradle\caches\8.0\fileContent)" [_thread_blocked, id=11436, stack(0x000000c4c1600000,0x000000c4c1700000)]
  0x00000246a3bcbf50 JavaThread "Cache worker for file hash cache (D:\0 Kuliah\Semester 3\PGPB\Acara 7\Navigation_PGPB_VII\.gradle\8.0\fileHashes)" [_thread_blocked, id=8000, stack(0x000000c4c1700000,0x000000c4c1800000)]
  0x00000246a568f350 JavaThread "Cache worker for cache directory md-supplier (C:\Users\ASUS\.gradle\caches\8.0\md-supplier)" [_thread_blocked, id=7376, stack(0x000000c4c1800000,0x000000c4c1900000)]
  0x00000246a568ee80 JavaThread "Cache worker for execution history cache (C:\Users\ASUS\.gradle\caches\8.0\executionHistory)" [_thread_blocked, id=3196, stack(0x000000c4c1900000,0x000000c4c1a00000)]
  0x00000246a56949f0 JavaThread "jar transforms" [_thread_blocked, id=15212, stack(0x000000c4c1a00000,0x000000c4c1b00000)]
  0x00000246a56901c0 JavaThread "jar transforms Thread 2" [_thread_blocked, id=9352, stack(0x000000c4c1b00000,0x000000c4c1c00000)]
  0x00000246a568e9b0 JavaThread "jar transforms Thread 3" [_thread_blocked, id=1468, stack(0x000000c4c1d00000,0x000000c4c1e00000)]
  0x00000246a5691030 JavaThread "jar transforms Thread 4" [_thread_blocked, id=15880, stack(0x000000c4c1e00000,0x000000c4c1f00000)]
  0x00000246a5692840 JavaThread "Cache worker for dependencies-accessors (D:\0 Kuliah\Semester 3\PGPB\Acara 7\Navigation_PGPB_VII\.gradle\8.0\dependencies-accessors)" [_thread_blocked, id=6556, stack(0x000000c4c1f00000,0x000000c4c2000000)]
  0x00000246a5691500 JavaThread "jar transforms Thread 5" [_thread_blocked, id=14796, stack(0x000000c4c2000000,0x000000c4c2100000)]
  0x00000246a56931e0 JavaThread "Cache worker for Build Output Cleanup Cache (D:\0 Kuliah\Semester 3\PGPB\Acara 7\Navigation_PGPB_VII\.gradle\buildOutputCleanup)" [_thread_blocked, id=13212, stack(0x000000c4c2100000,0x000000c4c2200000)]
  0x00000246a56919d0 JavaThread "Unconstrained build operations" [_thread_blocked, id=4992, stack(0x000000c4c2300000,0x000000c4c2400000)]
  0x00000246a568e010 JavaThread "Unconstrained build operations Thread 2" [_thread_blocked, id=8664, stack(0x000000c4c2400000,0x000000c4c2500000)]
  0x00000246a5694520 JavaThread "Unconstrained build operations Thread 3" [_thread_blocked, id=604, stack(0x000000c4c2500000,0x000000c4c2600000)]
  0x00000246a5694050 JavaThread "Unconstrained build operations Thread 4" [_thread_blocked, id=2376, stack(0x000000c4c2600000,0x000000c4c2700000)]
  0x00000246a568d1a0 JavaThread "Unconstrained build operations Thread 5" [_thread_blocked, id=16088, stack(0x000000c4c2700000,0x000000c4c2800000)]
  0x00000246a5691ea0 JavaThread "Unconstrained build operations Thread 6" [_thread_blocked, id=12764, stack(0x000000c4c2800000,0x000000c4c2900000)]
  0x00000246a5692d10 JavaThread "Unconstrained build operations Thread 7" [_thread_blocked, id=12032, stack(0x000000c4c2900000,0x000000c4c2a00000)]
  0x00000246a56936b0 JavaThread "Unconstrained build operations Thread 8" [_thread_blocked, id=16064, stack(0x000000c4c2a00000,0x000000c4c2b00000)]
  0x00000246a568db40 JavaThread "Unconstrained build operations Thread 9" [_thread_blocked, id=15260, stack(0x000000c4c2b00000,0x000000c4c2c00000)]
  0x00000246a3233cc0 JavaThread "Unconstrained build operations Thread 10" [_thread_blocked, id=11568, stack(0x000000c4c2c00000,0x000000c4c2d00000)]
  0x00000246a3239360 JavaThread "Unconstrained build operations Thread 11" [_thread_blocked, id=11428, stack(0x000000c4c2d00000,0x000000c4c2e00000)]
  0x00000246a32359a0 JavaThread "Unconstrained build operations Thread 12" [_thread_blocked, id=5668, stack(0x000000c4c2e00000,0x000000c4c2f00000)]
  0x00000246a3237680 JavaThread "Unconstrained build operations Thread 13" [_thread_blocked, id=9828, stack(0x000000c4c2f00000,0x000000c4c3000000)]
  0x00000246a3235000 JavaThread "Unconstrained build operations Thread 14" [_thread_blocked, id=10136, stack(0x000000c4c3000000,0x000000c4c3100000)]
  0x00000246a3239d00 JavaThread "Unconstrained build operations Thread 15" [_thread_blocked, id=3276, stack(0x000000c4c3100000,0x000000c4c3200000)]
  0x00000246a323b510 JavaThread "Unconstrained build operations Thread 16" [_thread_blocked, id=15568, stack(0x000000c4c3200000,0x000000c4c3300000)]
  0x00000246a3234190 JavaThread "Unconstrained build operations Thread 17" [_thread_blocked, id=11884, stack(0x000000c4c3300000,0x000000c4c3400000)]
  0x00000246a3239830 JavaThread "Unconstrained build operations Thread 18" [_thread_blocked, id=14008, stack(0x000000c4c3400000,0x000000c4c3500000)]
  0x00000246a3234660 JavaThread "Unconstrained build operations Thread 19" [_thread_blocked, id=8016, stack(0x000000c4c3500000,0x000000c4c3600000)]
  0x00000246a323a1d0 JavaThread "Unconstrained build operations Thread 20" [_thread_blocked, id=696, stack(0x000000c4c3600000,0x000000c4c3700000)]
  0x00000246a32354d0 JavaThread "Unconstrained build operations Thread 21" [_thread_blocked, id=8460, stack(0x000000c4c3700000,0x000000c4c3800000)]
  0x00000246a32389c0 JavaThread "Unconstrained build operations Thread 22" [_thread_blocked, id=1064, stack(0x000000c4c3800000,0x000000c4c3900000)]
  0x00000246a32371b0 JavaThread "Unconstrained build operations Thread 23" [_thread_blocked, id=12780, stack(0x000000c4c3900000,0x000000c4c3a00000)]
  0x00000246a323a6a0 JavaThread "Unconstrained build operations Thread 24" [_thread_blocked, id=15692, stack(0x000000c4c3a00000,0x000000c4c3b00000)]
  0x00000246a3236ce0 JavaThread "Unconstrained build operations Thread 25" [_thread_blocked, id=13044, stack(0x000000c4c3b00000,0x000000c4c3c00000)]
  0x00000246a3237b50 JavaThread "Unconstrained build operations Thread 26" [_thread_blocked, id=1352, stack(0x000000c4c3c00000,0x000000c4c3d00000)]
  0x00000246a3235e70 JavaThread "Unconstrained build operations Thread 27" [_thread_blocked, id=15128, stack(0x000000c4c3d00000,0x000000c4c3e00000)]
  0x00000246a323ab70 JavaThread "Unconstrained build operations Thread 28" [_thread_blocked, id=3092, stack(0x000000c4c3e00000,0x000000c4c3f00000)]
  0x00000246a323b040 JavaThread "Unconstrained build operations Thread 29" [_thread_blocked, id=14976, stack(0x000000c4c3f00000,0x000000c4c4000000)]
  0x00000246a3238020 JavaThread "Unconstrained build operations Thread 30" [_thread_blocked, id=11072, stack(0x000000c4c4000000,0x000000c4c4100000)]
  0x00000246a3234b30 JavaThread "Unconstrained build operations Thread 31" [_thread_blocked, id=15996, stack(0x000000c4c4100000,0x000000c4c4200000)]
  0x00000246a32384f0 JavaThread "Unconstrained build operations Thread 32" [_thread_blocked, id=14808, stack(0x000000c4c4200000,0x000000c4c4300000)]
  0x00000246a3236340 JavaThread "Unconstrained build operations Thread 33" [_thread_blocked, id=2176, stack(0x000000c4c4300000,0x000000c4c4400000)]
  0x00000246a3238e90 JavaThread "Unconstrained build operations Thread 34" [_thread_blocked, id=9452, stack(0x000000c4c4400000,0x000000c4c4500000)]
  0x00000246a3236810 JavaThread "Unconstrained build operations Thread 35" [_thread_blocked, id=14196, stack(0x000000c4c4500000,0x000000c4c4600000)]
  0x00000246a7caaeb0 JavaThread "Unconstrained build operations Thread 36" [_thread_blocked, id=14960, stack(0x000000c4c4600000,0x000000c4c4700000)]
  0x00000246a7ca8360 JavaThread "Unconstrained build operations Thread 37" [_thread_blocked, id=692, stack(0x000000c4c4700000,0x000000c4c4800000)]
  0x00000246a7ca7020 JavaThread "Unconstrained build operations Thread 38" [_thread_blocked, id=14632, stack(0x000000c4c4800000,0x000000c4c4900000)]
  0x00000246a7ca74f0 JavaThread "Unconstrained build operations Thread 39" [_thread_blocked, id=5608, stack(0x000000c4c4900000,0x000000c4c4a00000)]
  0x00000246a7caa9e0 JavaThread "Unconstrained build operations Thread 40" [_thread_blocked, id=7896, stack(0x000000c4c4a00000,0x000000c4c4b00000)]
  0x00000246a7cab380 JavaThread "Unconstrained build operations Thread 41" [_thread_blocked, id=14780, stack(0x000000c4c4b00000,0x000000c4c4c00000)]
  0x00000246a7cab850 JavaThread "Unconstrained build operations Thread 42" [_thread_blocked, id=15712, stack(0x000000c4c4c00000,0x000000c4c4d00000)]
  0x00000246a7ca8d00 JavaThread "Unconstrained build operations Thread 43" [_thread_blocked, id=16028, stack(0x000000c4c4d00000,0x000000c4c4e00000)]
  0x00000246a7cabd20 JavaThread "Unconstrained build operations Thread 44" [_thread_blocked, id=14552, stack(0x000000c4c4e00000,0x000000c4c4f00000)]
  0x00000246a7caded0 JavaThread "Unconstrained build operations Thread 45" [_thread_blocked, id=4384, stack(0x000000c4c4f00000,0x000000c4c5000000)]
  0x00000246a7cac1f0 JavaThread "Unconstrained build operations Thread 46" [_thread_blocked, id=3840, stack(0x000000c4c5000000,0x000000c4c5100000)]
  0x00000246a7ca6b50 JavaThread "Unconstrained build operations Thread 47" [_thread_blocked, id=9968, stack(0x000000c4c5100000,0x000000c4c5200000)]
  0x00000246a7cac6c0 JavaThread "Unconstrained build operations Thread 48" [_thread_blocked, id=14672, stack(0x000000c4c5200000,0x000000c4c5300000)]
  0x00000246a7ca91d0 JavaThread "Unconstrained build operations Thread 49" [_thread_blocked, id=1560, stack(0x000000c4c5300000,0x000000c4c5400000)]
  0x00000246a7cae3a0 JavaThread "Unconstrained build operations Thread 50" [_thread_blocked, id=12996, stack(0x000000c4c5400000,0x000000c4c5500000)]
  0x00000246a7ca79c0 JavaThread "Unconstrained build operations Thread 51" [_thread_blocked, id=16168, stack(0x000000c4c5500000,0x000000c4c5600000)]
  0x00000246a7cacb90 JavaThread "Unconstrained build operations Thread 52" [_thread_blocked, id=5104, stack(0x000000c4c5600000,0x000000c4c5700000)]
  0x00000246a7cad530 JavaThread "Unconstrained build operations Thread 53" [_thread_blocked, id=10076, stack(0x000000c4c5700000,0x000000c4c5800000)]
  0x00000246a7cad060 JavaThread "Unconstrained build operations Thread 54" [_thread_blocked, id=10912, stack(0x000000c4c5800000,0x000000c4c5900000)]
  0x00000246a7ca7e90 JavaThread "Unconstrained build operations Thread 55" [_thread_blocked, id=9864, stack(0x000000c4c5900000,0x000000c4c5a00000)]
  0x00000246a7cada00 JavaThread "Unconstrained build operations Thread 56" [_thread_blocked, id=13704, stack(0x000000c4c5a00000,0x000000c4c5b00000)]
  0x00000246a7ca8830 JavaThread "Unconstrained build operations Thread 57" [_thread_blocked, id=12072, stack(0x000000c4c5b00000,0x000000c4c5c00000)]
  0x00000246a7ca96a0 JavaThread "Unconstrained build operations Thread 58" [_thread_blocked, id=7240, stack(0x000000c4c5c00000,0x000000c4c5d00000)]
  0x00000246a7ca9b70 JavaThread "Unconstrained build operations Thread 59" [_thread_blocked, id=5292, stack(0x000000c4c5d00000,0x000000c4c5e00000)]
  0x00000246a7caa040 JavaThread "Unconstrained build operations Thread 60" [_thread_blocked, id=15752, stack(0x000000c4c5e00000,0x000000c4c5f00000)]
  0x00000246a7caa510 JavaThread "Unconstrained build operations Thread 61" [_thread_blocked, id=8760, stack(0x000000c4c5f00000,0x000000c4c6000000)]
  0x00000246a2547840 JavaThread "Unconstrained build operations Thread 62" [_thread_blocked, id=708, stack(0x000000c4c6000000,0x000000c4c6100000)]
  0x00000246a25486b0 JavaThread "Unconstrained build operations Thread 63" [_thread_blocked, id=14708, stack(0x000000c4c6100000,0x000000c4c6200000)]
  0x00000246a254b200 JavaThread "Unconstrained build operations Thread 64" [_thread_blocked, id=9916, stack(0x000000c4c6200000,0x000000c4c6300000)]
  0x00000246a254ad30 JavaThread "Unconstrained build operations Thread 65" [_thread_blocked, id=6028, stack(0x000000c4c6300000,0x000000c4c6400000)]
  0x00000246a2544350 JavaThread "Unconstrained build operations Thread 66" [_thread_blocked, id=10068, stack(0x000000c4c6400000,0x000000c4c6500000)]
  0x00000246a25481e0 JavaThread "Unconstrained build operations Thread 67" [_thread_blocked, id=9676, stack(0x000000c4c6500000,0x000000c4c6600000)]
  0x00000246a2543e80 JavaThread "Unconstrained build operations Thread 68" [_thread_blocked, id=8992, stack(0x000000c4c6600000,0x000000c4c6700000)]
  0x00000246a2544820 JavaThread "Unconstrained build operations Thread 69" [_thread_blocked, id=6996, stack(0x000000c4c6700000,0x000000c4c6800000)]
  0x00000246a25469d0 JavaThread "Unconstrained build operations Thread 70" [_thread_blocked, id=13764, stack(0x000000c4c6800000,0x000000c4c6900000)]
  0x00000246a25451c0 JavaThread "Unconstrained build operations Thread 71" [_thread_blocked, id=7220, stack(0x000000c4c6900000,0x000000c4c6a00000)]
  0x00000246a254a390 JavaThread "Unconstrained build operations Thread 72" [_thread_blocked, id=13676, stack(0x000000c4c6a00000,0x000000c4c6b00000)]
  0x00000246a2546ea0 JavaThread "Unconstrained build operations Thread 73" [_thread_blocked, id=1260, stack(0x000000c4c6b00000,0x000000c4c6c00000)]
  0x00000246a2547d10 JavaThread "Unconstrained build operations Thread 74" [_thread_blocked, id=3488, stack(0x000000c4c6c00000,0x000000c4c6d00000)]
  0x00000246a2544cf0 JavaThread "Unconstrained build operations Thread 75" [_thread_blocked, id=8516, stack(0x000000c4c6d00000,0x000000c4c6e00000)]
  0x00000246a254a860 JavaThread "Unconstrained build operations Thread 76" [_thread_blocked, id=1900, stack(0x000000c4c6e00000,0x000000c4c6f00000)]
  0x00000246a2548b80 JavaThread "Unconstrained build operations Thread 77" [_thread_blocked, id=16144, stack(0x000000c4c6f00000,0x000000c4c7000000)]
  0x00000246a2547370 JavaThread "Unconstrained build operations Thread 78" [_thread_blocked, id=1908, stack(0x000000c4c7000000,0x000000c4c7100000)]
  0x00000246a2549050 JavaThread "Unconstrained build operations Thread 79" [_thread_blocked, id=13512, stack(0x000000c4c7100000,0x000000c4c7200000)]
  0x00000246a2545690 JavaThread "Unconstrained build operations Thread 80" [_thread_blocked, id=8740, stack(0x000000c4c7200000,0x000000c4c7300000)]
  0x00000246a25439b0 JavaThread "jar transforms Thread 6" [_thread_blocked, id=2088, stack(0x000000c4c7300000,0x000000c4c7400000)]
  0x00000246a2545b60 JavaThread "jar transforms Thread 7" [_thread_blocked, id=8712, stack(0x000000c4c7400000,0x000000c4c7500000)]
  0x00000246a2546030 JavaThread "jar transforms Thread 8" [_thread_blocked, id=15408, stack(0x000000c4c7500000,0x000000c4c7600000)]
  0x00000246a25499f0 JavaThread "build event listener" [_thread_blocked, id=8496, stack(0x000000c4c7600000,0x000000c4c7700000)]
  0x00000246a5f293b0 JavaThread "Memory manager" [_thread_blocked, id=13372, stack(0x000000c4c7700000,0x000000c4c7800000)]
  0x00000246a5f2a220 JavaThread "included builds" [_thread_blocked, id=15820, stack(0x000000c4c7800000,0x000000c4c7900000)]
  0x00000246a5f241e0 JavaThread "Execution worker" [_thread_blocked, id=1780, stack(0x000000c4c7900000,0x000000c4c7a00000)]
  0x00000246a5f27200 JavaThread "Execution worker Thread 2" [_thread_blocked, id=11780, stack(0x000000c4c7a00000,0x000000c4c7b00000)]
  0x00000246a5f29d50 JavaThread "Execution worker Thread 3" [_thread_blocked, id=1952, stack(0x000000c4c7b00000,0x000000c4c7c00000)]
  0x00000246a5f276d0 JavaThread "Execution worker Thread 4" [_thread_blocked, id=8932, stack(0x000000c4c7c00000,0x000000c4c7d00000)]
  0x00000246a5f2a6f0 JavaThread "Execution worker Thread 5" [_thread_blocked, id=12732, stack(0x000000c4c7d00000,0x000000c4c7e00000)]
  0x00000246a5f246b0 JavaThread "Execution worker Thread 6" [_thread_blocked, id=1916, stack(0x000000c4c7e00000,0x000000c4c7f00000)]
  0x00000246a5f23370 JavaThread "Execution worker Thread 7" [_thread_blocked, id=11128, stack(0x000000c4c7f00000,0x000000c4c8000000)]
  0x00000246a5f24b80 JavaThread "Cache worker for execution history cache (D:\0 Kuliah\Semester 3\PGPB\Acara 7\Navigation_PGPB_VII\.gradle\8.0\executionHistory)" [_thread_blocked, id=8332, stack(0x000000c4c8000000,0x000000c4c8100000)]

Other Threads:
=>0x00000246a18ea3f0 VMThread "VM Thread" [stack: 0x000000c4bef00000,0x000000c4bf000000] [id=9512]
  0x00000246a25c6820 WatcherThread [stack: 0x000000c4bfb00000,0x000000c4bfc00000] [id=9468]
  0x0000024687aea180 GCTaskThread "GC Thread#0" [stack: 0x000000c4bea00000,0x000000c4beb00000] [id=10428]
  0x00000246a281cbf0 GCTaskThread "GC Thread#1" [stack: 0x000000c4bfc00000,0x000000c4bfd00000] [id=15968]
  0x00000246a32054f0 GCTaskThread "GC Thread#2" [stack: 0x000000c4bfd00000,0x000000c4bfe00000] [id=340]
  0x00000246a2837fe0 GCTaskThread "GC Thread#3" [stack: 0x000000c4bfe00000,0x000000c4bff00000] [id=2668]
  0x00000246a33d0dc0 GCTaskThread "GC Thread#4" [stack: 0x000000c4bff00000,0x000000c4c0000000] [id=10272]
  0x00000246a5886420 GCTaskThread "GC Thread#5" [stack: 0x000000c4c0b00000,0x000000c4c0c00000] [id=7724]
  0x00000246a58866d0 GCTaskThread "GC Thread#6" [stack: 0x000000c4c0c00000,0x000000c4c0d00000] [id=11476]
  0x00000246a5886980 GCTaskThread "GC Thread#7" [stack: 0x000000c4c0d00000,0x000000c4c0e00000] [id=13680]
  0x0000024687afb0c0 ConcurrentGCThread "G1 Main Marker" [stack: 0x000000c4beb00000,0x000000c4bec00000] [id=10540]
  0x0000024687afc270 ConcurrentGCThread "G1 Conc#0" [stack: 0x000000c4bec00000,0x000000c4bed00000] [id=7212]
  0x00000246a5304310 ConcurrentGCThread "G1 Conc#1" [stack: 0x000000c4c0e00000,0x000000c4c0f00000] [id=7900]
  0x0000024687b4dcc0 ConcurrentGCThread "G1 Refine#0" [stack: 0x000000c4bed00000,0x000000c4bee00000] [id=12436]
  0x00000246a7eedc50 ConcurrentGCThread "G1 Refine#1" [stack: 0x000000c4c1c00000,0x000000c4c1d00000] [id=10684]
  0x0000024687b4e6e0 ConcurrentGCThread "G1 Service" [stack: 0x000000c4bee00000,0x000000c4bef00000] [id=13852]

Threads with active compile tasks:
C2 CompilerThread0    19841 10201 % !   4       java.io.BufferedReader::readLine @ 139 (327 bytes)
C1 CompilerThread0    19841 10327       3       java.util.function.Function::identity (6 bytes)
C2 CompilerThread1    19841 10291       4       java.math.BigInteger::makePositive (259 bytes)

VM state: at safepoint (normal execution)

VM Mutex/Monitor currently owned by a thread:  ([mutex/lock_event])
[0x0000024687a8a260] Threads_lock - owner thread: 0x00000246a18ea3f0
[0x0000024687a89600] Heap_lock - owner thread: 0x00000246a3bceaa0

Heap address: 0x0000000080000000, size: 2048 MB, Compressed Oops mode: 32-bit

CDS archive(s) not mapped
Compressed class space mapped at: 0x0000000100000000-0x0000000140000000, reserved size: 1073741824
Narrow klass base: 0x0000000000000000, Narrow klass shift: 3, Narrow klass range: 0x140000000

GC Precious Log:
 CPUs: 8 total, 8 available
 Memory: 7888M
 Large Page Support: Disabled
 NUMA Support: Disabled
 Compressed Oops: Enabled (32-bit)
 Heap Region Size: 1M
 Heap Min Capacity: 8M
 Heap Initial Capacity: 124M
 Heap Max Capacity: 2G
 Pre-touch: Disabled
 Parallel Workers: 8
 Concurrent Workers: 2
 Concurrent Refinement Workers: 8
 Periodic GC: Disabled

Heap:
 garbage-first heap   total 150528K, used 92045K [0x0000000080000000, 0x0000000100000000)
  region size 1024K, 4 young (4096K), 4 survivors (4096K)
 Metaspace       used 90612K, committed 91264K, reserved 1130496K
  class space    used 12425K, committed 12736K, reserved 1048576K

Heap Regions: E=young(eden), S=young(survivor), O=old, HS=humongous(starts), HC=humongous(continues), CS=collection set, F=free, OA=open archive, CA=closed archive, TAMS=top-at-mark-start (previous, next)
|   0|0x0000000080000000, 0x0000000080100000, 0x0000000080100000|100%|HS|  |TAMS 0x0000000080100000, 0x0000000080000000| Complete 
|   1|0x0000000080100000, 0x0000000080200000, 0x0000000080200000|100%|HC|  |TAMS 0x0000000080200000, 0x0000000080100000| Complete 
|   2|0x0000000080200000, 0x0000000080300000, 0x0000000080300000|100%|HC|  |TAMS 0x0000000080300000, 0x0000000080200000| Complete 
|   3|0x0000000080300000, 0x0000000080400000, 0x0000000080400000|100%|HC|  |TAMS 0x0000000080400000, 0x0000000080300000| Complete 
|   4|0x0000000080400000, 0x0000000080500000, 0x0000000080500000|100%| O|  |TAMS 0x0000000080500000, 0x0000000080400000| Untracked 
|   5|0x0000000080500000, 0x0000000080600000, 0x0000000080600000|100%| O|  |TAMS 0x0000000080600000, 0x0000000080500000| Untracked 
|   6|0x0000000080600000, 0x0000000080700000, 0x0000000080700000|100%| O|  |TAMS 0x0000000080700000, 0x0000000080600000| Untracked 
|   7|0x0000000080700000, 0x0000000080800000, 0x0000000080800000|100%| O|  |TAMS 0x0000000080800000, 0x0000000080700000| Untracked 
|   8|0x0000000080800000, 0x0000000080900000, 0x0000000080900000|100%| O|  |TAMS 0x0000000080900000, 0x0000000080800000| Untracked 
|   9|0x0000000080900000, 0x0000000080a00000, 0x0000000080a00000|100%| O|  |TAMS 0x0000000080a00000, 0x0000000080900000| Untracked 
|  10|0x0000000080a00000, 0x0000000080b00000, 0x0000000080b00000|100%| O|  |TAMS 0x0000000080b00000, 0x0000000080a00000| Untracked 
|  11|0x0000000080b00000, 0x0000000080c00000, 0x0000000080c00000|100%| O|  |TAMS 0x0000000080c00000, 0x0000000080b00000| Untracked 
|  12|0x0000000080c00000, 0x0000000080d00000, 0x0000000080d00000|100%| O|  |TAMS 0x0000000080d00000, 0x0000000080c00000| Untracked 
|  13|0x0000000080d00000, 0x0000000080e00000, 0x0000000080e00000|100%| O|  |TAMS 0x0000000080e00000, 0x0000000080d00000| Untracked 
|  14|0x0000000080e00000, 0x0000000080f00000, 0x0000000080f00000|100%| O|  |TAMS 0x0000000080f00000, 0x0000000080e00000| Untracked 
|  15|0x0000000080f00000, 0x0000000081000000, 0x0000000081000000|100%| O|  |TAMS 0x0000000081000000, 0x0000000080f00000| Untracked 
|  16|0x0000000081000000, 0x0000000081100000, 0x0000000081100000|100%| O|  |TAMS 0x0000000081100000, 0x0000000081000000| Untracked 
|  17|0x0000000081100000, 0x0000000081200000, 0x0000000081200000|100%| O|  |TAMS 0x0000000081200000, 0x0000000081100000| Untracked 
|  18|0x0000000081200000, 0x0000000081300000, 0x0000000081300000|100%| O|  |TAMS 0x0000000081300000, 0x0000000081200000| Untracked 
|  19|0x0000000081300000, 0x0000000081400000, 0x0000000081400000|100%| O|  |TAMS 0x0000000081400000, 0x0000000081300000| Untracked 
|  20|0x0000000081400000, 0x0000000081500000, 0x0000000081500000|100%| O|  |TAMS 0x0000000081500000, 0x0000000081400000| Untracked 
|  21|0x0000000081500000, 0x0000000081600000, 0x0000000081600000|100%| O|  |TAMS 0x0000000081600000, 0x0000000081500000| Untracked 
|  22|0x0000000081600000, 0x0000000081700000, 0x0000000081700000|100%| O|  |TAMS 0x0000000081700000, 0x0000000081600000| Untracked 
|  23|0x0000000081700000, 0x0000000081800000, 0x0000000081800000|100%| O|  |TAMS 0x0000000081800000, 0x0000000081700000| Untracked 
|  24|0x0000000081800000, 0x0000000081900000, 0x0000000081900000|100%| O|  |TAMS 0x0000000081900000, 0x0000000081800000| Untracked 
|  25|0x0000000081900000, 0x0000000081a00000, 0x0000000081a00000|100%| O|  |TAMS 0x0000000081a00000, 0x0000000081900000| Untracked 
|  26|0x0000000081a00000, 0x0000000081b00000, 0x0000000081b00000|100%| O|  |TAMS 0x0000000081b00000, 0x0000000081a00000| Untracked 
|  27|0x0000000081b00000, 0x0000000081c00000, 0x0000000081c00000|100%| O|  |TAMS 0x0000000081c00000, 0x0000000081b00000| Untracked 
|  28|0x0000000081c00000, 0x0000000081d00000, 0x0000000081d00000|100%| O|  |TAMS 0x0000000081d00000, 0x0000000081c00000| Untracked 
|  29|0x0000000081d00000, 0x0000000081e00000, 0x0000000081e00000|100%| O|  |TAMS 0x0000000081e00000, 0x0000000081d00000| Untracked 
|  30|0x0000000081e00000, 0x0000000081f00000, 0x0000000081f00000|100%| O|  |TAMS 0x0000000081f00000, 0x0000000081e00000| Untracked 
|  31|0x0000000081f00000, 0x0000000082000000, 0x0000000082000000|100%| O|  |TAMS 0x0000000082000000, 0x0000000081f00000| Untracked 
|  32|0x0000000082000000, 0x0000000082100000, 0x0000000082100000|100%| O|  |TAMS 0x0000000082100000, 0x0000000082000000| Untracked 
|  33|0x0000000082100000, 0x0000000082200000, 0x0000000082200000|100%| O|  |TAMS 0x0000000082200000, 0x0000000082100000| Untracked 
|  34|0x0000000082200000, 0x0000000082300000, 0x0000000082300000|100%| O|  |TAMS 0x0000000082300000, 0x0000000082200000| Untracked 
|  35|0x0000000082300000, 0x0000000082400000, 0x0000000082400000|100%| O|  |TAMS 0x0000000082400000, 0x0000000082300000| Untracked 
|  36|0x0000000082400000, 0x0000000082500000, 0x0000000082500000|100%| O|  |TAMS 0x0000000082500000, 0x0000000082400000| Untracked 
|  37|0x0000000082500000, 0x0000000082600000, 0x0000000082600000|100%| O|  |TAMS 0x0000000082600000, 0x0000000082500000| Untracked 
|  38|0x0000000082600000, 0x0000000082700000, 0x0000000082700000|100%| O|  |TAMS 0x0000000082700000, 0x0000000082600000| Untracked 
|  39|0x0000000082700000, 0x0000000082800000, 0x0000000082800000|100%| O|  |TAMS 0x0000000082800000, 0x0000000082700000| Untracked 
|  40|0x0000000082800000, 0x0000000082900000, 0x0000000082900000|100%| O|  |TAMS 0x0000000082900000, 0x0000000082800000| Untracked 
|  41|0x0000000082900000, 0x0000000082a00000, 0x0000000082a00000|100%| O|  |TAMS 0x0000000082900000, 0x0000000082900000| Untracked 
|  42|0x0000000082a00000, 0x0000000082b00000, 0x0000000082b00000|100%|HS|  |TAMS 0x0000000082b00000, 0x0000000082a00000| Complete 
|  43|0x0000000082b00000, 0x0000000082c00000, 0x0000000082c00000|100%|HS|  |TAMS 0x0000000082c00000, 0x0000000082b00000| Complete 
|  44|0x0000000082c00000, 0x0000000082d00000, 0x0000000082d00000|100%|HS|  |TAMS 0x0000000082d00000, 0x0000000082c00000| Complete 
|  45|0x0000000082d00000, 0x0000000082e00000, 0x0000000082e00000|100%| O|  |TAMS 0x0000000082e00000, 0x0000000082d00000| Untracked 
|  46|0x0000000082e00000, 0x0000000082f00000, 0x0000000082f00000|100%|HS|  |TAMS 0x0000000082f00000, 0x0000000082e00000| Complete 
|  47|0x0000000082f00000, 0x0000000083000000, 0x0000000083000000|100%|HC|  |TAMS 0x0000000083000000, 0x0000000082f00000| Complete 
|  48|0x0000000083000000, 0x0000000083100000, 0x0000000083100000|100%|HC|  |TAMS 0x0000000083100000, 0x0000000083000000| Complete 
|  49|0x0000000083100000, 0x0000000083200000, 0x0000000083200000|100%| O|  |TAMS 0x0000000083200000, 0x0000000083100000| Untracked 
|  50|0x0000000083200000, 0x0000000083300000, 0x0000000083300000|100%| O|  |TAMS 0x0000000083300000, 0x0000000083200000| Untracked 
|  51|0x0000000083300000, 0x0000000083400000, 0x0000000083400000|100%| O|  |TAMS 0x0000000083400000, 0x0000000083300000| Untracked 
|  52|0x0000000083400000, 0x0000000083500000, 0x0000000083500000|100%| O|  |TAMS 0x0000000083500000, 0x0000000083400000| Untracked 
|  53|0x0000000083500000, 0x0000000083600000, 0x0000000083600000|100%| O|  |TAMS 0x0000000083600000, 0x0000000083500000| Untracked 
|  54|0x0000000083600000, 0x0000000083700000, 0x0000000083700000|100%| O|  |TAMS 0x0000000083700000, 0x0000000083600000| Untracked 
|  55|0x0000000083700000, 0x0000000083800000, 0x0000000083800000|100%| O|  |TAMS 0x0000000083800000, 0x0000000083700000| Untracked 
|  56|0x0000000083800000, 0x0000000083900000, 0x0000000083900000|100%| O|  |TAMS 0x0000000083900000, 0x0000000083800000| Untracked 
|  57|0x0000000083900000, 0x0000000083a00000, 0x0000000083a00000|100%| O|  |TAMS 0x0000000083a00000, 0x0000000083900000| Untracked 
|  58|0x0000000083a00000, 0x0000000083b00000, 0x0000000083b00000|100%| O|  |TAMS 0x0000000083b00000, 0x0000000083a00000| Untracked 
|  59|0x0000000083b00000, 0x0000000083c00000, 0x0000000083c00000|100%| O|  |TAMS 0x0000000083c00000, 0x0000000083b00000| Untracked 
|  60|0x0000000083c00000, 0x0000000083d00000, 0x0000000083d00000|100%| O|  |TAMS 0x0000000083d00000, 0x0000000083c00000| Untracked 
|  61|0x0000000083d00000, 0x0000000083e00000, 0x0000000083e00000|100%| O|  |TAMS 0x0000000083e00000, 0x0000000083d00000| Untracked 
|  62|0x0000000083e00000, 0x0000000083f00000, 0x0000000083f00000|100%| O|  |TAMS 0x0000000083f00000, 0x0000000083e00000| Untracked 
|  63|0x0000000083f00000, 0x0000000084000000, 0x0000000084000000|100%| O|  |TAMS 0x0000000084000000, 0x0000000083f00000| Untracked 
|  64|0x0000000084000000, 0x0000000084100000, 0x0000000084100000|100%| O|  |TAMS 0x0000000084100000, 0x0000000084000000| Untracked 
|  65|0x0000000084100000, 0x0000000084200000, 0x0000000084200000|100%| O|  |TAMS 0x0000000084200000, 0x0000000084100000| Untracked 
|  66|0x0000000084200000, 0x0000000084300000, 0x0000000084300000|100%| O|  |TAMS 0x0000000084300000, 0x0000000084200000| Untracked 
|  67|0x0000000084300000, 0x0000000084400000, 0x0000000084400000|100%| O|  |TAMS 0x0000000084400000, 0x0000000084300000| Untracked 
|  68|0x0000000084400000, 0x0000000084500000, 0x0000000084500000|100%| O|  |TAMS 0x0000000084452c00, 0x0000000084400000| Untracked 
|  69|0x0000000084500000, 0x0000000084600000, 0x0000000084600000|100%| O|  |TAMS 0x0000000084500000, 0x0000000084500000| Untracked 
|  70|0x0000000084600000, 0x0000000084700000, 0x0000000084700000|100%| O|  |TAMS 0x0000000084600000, 0x0000000084600000| Untracked 
|  71|0x0000000084700000, 0x0000000084800000, 0x0000000084800000|100%| O|  |TAMS 0x0000000084700000, 0x0000000084700000| Untracked 
|  72|0x0000000084800000, 0x0000000084900000, 0x0000000084900000|100%| O|  |TAMS 0x0000000084800000, 0x0000000084800000| Untracked 
|  73|0x0000000084900000, 0x0000000084a00000, 0x0000000084a00000|100%| O|  |TAMS 0x0000000084900000, 0x0000000084900000| Untracked 
|  74|0x0000000084a00000, 0x0000000084b00000, 0x0000000084b00000|100%| O|  |TAMS 0x0000000084a00000, 0x0000000084a00000| Untracked 
|  75|0x0000000084b00000, 0x0000000084c00000, 0x0000000084c00000|100%| O|  |TAMS 0x0000000084b00000, 0x0000000084b00000| Untracked 
|  76|0x0000000084c00000, 0x0000000084d00000, 0x0000000084d00000|100%| O|  |TAMS 0x0000000084c00000, 0x0000000084c00000| Untracked 
|  77|0x0000000084d00000, 0x0000000084e00000, 0x0000000084e00000|100%| O|  |TAMS 0x0000000084d00000, 0x0000000084d00000| Untracked 
|  78|0x0000000084e00000, 0x0000000084f00000, 0x0000000084f00000|100%| O|  |TAMS 0x0000000084e00000, 0x0000000084e00000| Untracked 
|  79|0x0000000084f00000, 0x0000000085000000, 0x0000000085000000|100%| O|  |TAMS 0x0000000084f00000, 0x0000000084f00000| Untracked 
|  80|0x0000000085000000, 0x0000000085100000, 0x0000000085100000|100%| O|  |TAMS 0x0000000085000000, 0x0000000085000000| Untracked 
|  81|0x0000000085100000, 0x0000000085200000, 0x0000000085200000|100%| O|  |TAMS 0x0000000085100000, 0x0000000085100000| Untracked 
|  82|0x0000000085200000, 0x0000000085300000, 0x0000000085300000|100%| O|  |TAMS 0x0000000085200000, 0x0000000085200000| Untracked 
|  83|0x0000000085300000, 0x0000000085400000, 0x0000000085400000|100%| O|  |TAMS 0x0000000085300000, 0x0000000085300000| Untracked 
|  84|0x0000000085400000, 0x0000000085500000, 0x0000000085500000|100%| O|  |TAMS 0x0000000085400000, 0x0000000085400000| Untracked 
|  85|0x0000000085500000, 0x0000000085600000, 0x0000000085600000|100%| O|  |TAMS 0x0000000085500000, 0x0000000085500000| Untracked 
|  86|0x0000000085600000, 0x0000000085622600, 0x0000000085700000| 13%| O|  |TAMS 0x0000000085600000, 0x0000000085600000| Untracked 
|  87|0x0000000085700000, 0x0000000085700000, 0x0000000085800000|  0%| F|  |TAMS 0x0000000085700000, 0x0000000085700000| Untracked 
|  88|0x0000000085800000, 0x0000000085800000, 0x0000000085900000|  0%| F|  |TAMS 0x0000000085800000, 0x0000000085800000| Untracked 
|  89|0x0000000085900000, 0x0000000085900000, 0x0000000085a00000|  0%| F|  |TAMS 0x0000000085900000, 0x0000000085900000| Untracked 
|  90|0x0000000085a00000, 0x0000000085a00000, 0x0000000085b00000|  0%| F|  |TAMS 0x0000000085a00000, 0x0000000085a00000| Untracked 
|  91|0x0000000085b00000, 0x0000000085b00000, 0x0000000085c00000|  0%| F|  |TAMS 0x0000000085b00000, 0x0000000085b00000| Untracked 
|  92|0x0000000085c00000, 0x0000000085c00000, 0x0000000085d00000|  0%| F|  |TAMS 0x0000000085c00000, 0x0000000085c00000| Untracked 
|  93|0x0000000085d00000, 0x0000000085d00000, 0x0000000085e00000|  0%| F|  |TAMS 0x0000000085d00000, 0x0000000085d00000| Untracked 
|  94|0x0000000085e00000, 0x0000000085e00000, 0x0000000085f00000|  0%| F|  |TAMS 0x0000000085e00000, 0x0000000085e00000| Untracked 
|  95|0x0000000085f00000, 0x0000000085f00000, 0x0000000086000000|  0%| F|  |TAMS 0x0000000085f00000, 0x0000000085f00000| Untracked 
|  96|0x0000000086000000, 0x0000000086000000, 0x0000000086100000|  0%| F|  |TAMS 0x0000000086000000, 0x0000000086000000| Untracked 
|  97|0x0000000086100000, 0x0000000086100000, 0x0000000086200000|  0%| F|  |TAMS 0x0000000086100000, 0x0000000086100000| Untracked 
|  98|0x0000000086200000, 0x0000000086200000, 0x0000000086300000|  0%| F|  |TAMS 0x0000000086200000, 0x0000000086200000| Untracked 
|  99|0x0000000086300000, 0x0000000086300000, 0x0000000086400000|  0%| F|  |TAMS 0x0000000086300000, 0x0000000086300000| Untracked 
| 100|0x0000000086400000, 0x0000000086400000, 0x0000000086500000|  0%| F|  |TAMS 0x0000000086400000, 0x0000000086400000| Untracked 
| 101|0x0000000086500000, 0x0000000086500000, 0x0000000086600000|  0%| F|  |TAMS 0x0000000086500000, 0x0000000086500000| Untracked 
| 102|0x0000000086600000, 0x0000000086600000, 0x0000000086700000|  0%| F|  |TAMS 0x0000000086600000, 0x0000000086600000| Untracked 
| 103|0x0000000086700000, 0x0000000086700000, 0x0000000086800000|  0%| F|  |TAMS 0x0000000086700000, 0x0000000086700000| Untracked 
| 104|0x0000000086800000, 0x0000000086800000, 0x0000000086900000|  0%| F|  |TAMS 0x0000000086800000, 0x0000000086800000| Untracked 
| 105|0x0000000086900000, 0x0000000086900000, 0x0000000086a00000|  0%| F|  |TAMS 0x0000000086900000, 0x0000000086900000| Untracked 
| 106|0x0000000086a00000, 0x0000000086a00000, 0x0000000086b00000|  0%| F|  |TAMS 0x0000000086a00000, 0x0000000086a00000| Untracked 
| 107|0x0000000086b00000, 0x0000000086b00000, 0x0000000086c00000|  0%| F|  |TAMS 0x0000000086b00000, 0x0000000086b00000| Untracked 
| 108|0x0000000086c00000, 0x0000000086c00000, 0x0000000086d00000|  0%| F|  |TAMS 0x0000000086c00000, 0x0000000086c00000| Untracked 
| 109|0x0000000086d00000, 0x0000000086d00000, 0x0000000086e00000|  0%| F|  |TAMS 0x0000000086d00000, 0x0000000086d00000| Untracked 
| 110|0x0000000086e00000, 0x0000000086e00000, 0x0000000086f00000|  0%| F|  |TAMS 0x0000000086e00000, 0x0000000086e00000| Untracked 
| 111|0x0000000086f00000, 0x0000000086f00000, 0x0000000087000000|  0%| F|  |TAMS 0x0000000086f00000, 0x0000000086f00000| Untracked 
| 112|0x0000000087000000, 0x00000000870c0ff0, 0x0000000087100000| 75%| S|CS|TAMS 0x0000000087000000, 0x0000000087000000| Complete 
| 113|0x0000000087100000, 0x0000000087200000, 0x0000000087200000|100%| S|CS|TAMS 0x0000000087100000, 0x0000000087100000| Complete 
| 114|0x0000000087200000, 0x0000000087300000, 0x0000000087300000|100%| S|CS|TAMS 0x0000000087200000, 0x0000000087200000| Complete 
| 115|0x0000000087300000, 0x0000000087400000, 0x0000000087400000|100%| S|CS|TAMS 0x0000000087300000, 0x0000000087300000| Complete 
| 116|0x0000000087400000, 0x0000000087400000, 0x0000000087500000|  0%| F|  |TAMS 0x0000000087400000, 0x0000000087400000| Untracked 
| 117|0x0000000087500000, 0x0000000087500000, 0x0000000087600000|  0%| F|  |TAMS 0x0000000087500000, 0x0000000087500000| Untracked 
| 118|0x0000000087600000, 0x0000000087600000, 0x0000000087700000|  0%| F|  |TAMS 0x0000000087600000, 0x0000000087600000| Untracked 
| 119|0x0000000087700000, 0x0000000087700000, 0x0000000087800000|  0%| F|  |TAMS 0x0000000087700000, 0x0000000087700000| Untracked 
| 120|0x0000000087800000, 0x0000000087800000, 0x0000000087900000|  0%| F|  |TAMS 0x0000000087800000, 0x0000000087800000| Untracked 
| 121|0x0000000087900000, 0x0000000087900000, 0x0000000087a00000|  0%| F|  |TAMS 0x0000000087900000, 0x0000000087900000| Untracked 
| 122|0x0000000087a00000, 0x0000000087a00000, 0x0000000087b00000|  0%| F|  |TAMS 0x0000000087a00000, 0x0000000087a00000| Untracked 
| 123|0x0000000087b00000, 0x0000000087b00000, 0x0000000087c00000|  0%| F|  |TAMS 0x0000000087b00000, 0x0000000087b00000| Untracked 
| 124|0x0000000087c00000, 0x0000000087c00000, 0x0000000087d00000|  0%| F|  |TAMS 0x0000000087c00000, 0x0000000087c00000| Untracked 
| 125|0x0000000087d00000, 0x0000000087d00000, 0x0000000087e00000|  0%| F|  |TAMS 0x0000000087d00000, 0x0000000087d00000| Untracked 
| 126|0x0000000087e00000, 0x0000000087e00000, 0x0000000087f00000|  0%| F|  |TAMS 0x0000000087e00000, 0x0000000087e00000| Untracked 
| 127|0x0000000087f00000, 0x0000000087f00000, 0x0000000088000000|  0%| F|  |TAMS 0x0000000087f00000, 0x0000000087f00000| Untracked 
| 128|0x0000000088000000, 0x0000000088000000, 0x0000000088100000|  0%| F|  |TAMS 0x0000000088000000, 0x0000000088000000| Untracked 
| 129|0x0000000088100000, 0x0000000088100000, 0x0000000088200000|  0%| F|  |TAMS 0x0000000088100000, 0x0000000088100000| Untracked 
| 130|0x0000000088200000, 0x0000000088200000, 0x0000000088300000|  0%| F|  |TAMS 0x0000000088200000, 0x0000000088200000| Untracked 
| 131|0x0000000088300000, 0x0000000088300000, 0x0000000088400000|  0%| F|  |TAMS 0x0000000088300000, 0x0000000088300000| Untracked 
| 132|0x0000000088400000, 0x0000000088400000, 0x0000000088500000|  0%| F|  |TAMS 0x0000000088400000, 0x0000000088400000| Untracked 
| 133|0x0000000088500000, 0x0000000088500000, 0x0000000088600000|  0%| F|  |TAMS 0x0000000088500000, 0x0000000088500000| Untracked 
| 134|0x0000000088600000, 0x0000000088600000, 0x0000000088700000|  0%| F|  |TAMS 0x0000000088600000, 0x0000000088600000| Untracked 
| 135|0x0000000088700000, 0x0000000088700000, 0x0000000088800000|  0%| F|  |TAMS 0x0000000088700000, 0x0000000088700000| Untracked 
| 136|0x0000000088800000, 0x0000000088800000, 0x0000000088900000|  0%| F|  |TAMS 0x0000000088800000, 0x0000000088800000| Untracked 
| 137|0x0000000088900000, 0x0000000088900000, 0x0000000088a00000|  0%| F|  |TAMS 0x0000000088900000, 0x0000000088900000| Untracked 
| 138|0x0000000088a00000, 0x0000000088a00000, 0x0000000088b00000|  0%| F|  |TAMS 0x0000000088a00000, 0x0000000088a00000| Untracked 
| 139|0x0000000088b00000, 0x0000000088b00000, 0x0000000088c00000|  0%| F|  |TAMS 0x0000000088b00000, 0x0000000088b00000| Untracked 
| 140|0x0000000088c00000, 0x0000000088c00000, 0x0000000088d00000|  0%| F|  |TAMS 0x0000000088c00000, 0x0000000088c00000| Untracked 
| 141|0x0000000088d00000, 0x0000000088d00000, 0x0000000088e00000|  0%| F|  |TAMS 0x0000000088d00000, 0x0000000088d00000| Untracked 
| 142|0x0000000088e00000, 0x0000000088e00000, 0x0000000088f00000|  0%| F|  |TAMS 0x0000000088e00000, 0x0000000088e00000| Untracked 
| 143|0x0000000088f00000, 0x0000000088f00000, 0x0000000089000000|  0%| F|  |TAMS 0x0000000088f00000, 0x0000000088f00000| Untracked 
| 144|0x0000000089000000, 0x0000000089000000, 0x0000000089100000|  0%| F|  |TAMS 0x0000000089000000, 0x0000000089000000| Untracked 
| 145|0x0000000089100000, 0x0000000089100000, 0x0000000089200000|  0%| F|  |TAMS 0x0000000089100000, 0x0000000089100000| Untracked 
| 146|0x0000000089200000, 0x0000000089200000, 0x0000000089300000|  0%| F|  |TAMS 0x0000000089200000, 0x0000000089200000| Untracked 

Card table byte_map: [0x000002469a680000,0x000002469aa80000] _byte_map_base: 0x000002469a280000

Marking Bits (Prev, Next): (CMBitMap*) 0x0000024687aea7d0, (CMBitMap*) 0x0000024687aea790
 Prev Bits: [0x000002469ce80000, 0x000002469ee80000)
 Next Bits: [0x000002469ae80000, 0x000002469ce80000)

Polling page: 0x0000024685a70000

Metaspace:

Usage:
  Non-class:     76.35 MB used.
      Class:     12.13 MB used.
       Both:     88.49 MB used.

Virtual space:
  Non-class space:       80.00 MB reserved,      76.69 MB ( 96%) committed,  10 nodes.
      Class space:        1.00 GB reserved,      12.44 MB (  1%) committed,  1 nodes.
             Both:        1.08 GB reserved,      89.12 MB (  8%) committed. 

Chunk freelists:
   Non-Class:  3.27 MB
       Class:  3.45 MB
        Both:  6.72 MB

MaxMetaspaceSize: unlimited
CompressedClassSpaceSize: 1.00 GB
Initial GC threshold: 21.00 MB
Current GC threshold: 138.56 MB
CDS: off
MetaspaceReclaimPolicy: balanced
 - commit_granule_bytes: 65536.
 - commit_granule_words: 8192.
 - virtual_space_node_default_size: 1048576.
 - enlarge_chunks_in_place: 1.
 - new_chunks_are_fully_committed: 0.
 - uncommit_free_chunks: 1.
 - use_allocation_guard: 0.
 - handle_deallocations: 1.


Internal statistics:

num_allocs_failed_limit: 6.
num_arena_births: 892.
num_arena_deaths: 0.
num_vsnodes_births: 11.
num_vsnodes_deaths: 0.
num_space_committed: 1426.
num_space_uncommitted: 0.
num_chunks_returned_to_freelist: 6.
num_chunks_taken_from_freelist: 4030.
num_chunk_merges: 6.
num_chunk_splits: 2651.
num_chunks_enlarged: 1754.
num_purges: 0.
num_inconsistent_stats: 0.

CodeHeap 'non-profiled nmethods': size=120000Kb used=4749Kb max_used=4749Kb free=115250Kb
 bounds [0x0000024692a20000, 0x0000024692ed0000, 0x0000024699f50000]
CodeHeap 'profiled nmethods': size=120000Kb used=18692Kb max_used=18692Kb free=101307Kb
 bounds [0x000002468af50000, 0x000002468c1a0000, 0x0000024692480000]
CodeHeap 'non-nmethods': size=5760Kb used=2419Kb max_used=2493Kb free=3340Kb
 bounds [0x0000024692480000, 0x0000024692700000, 0x0000024692a20000]
 total_blobs=10279 nmethods=9338 adapters=853
 compilation: enabled
              stopped_count=0, restarted_count=0
 full_count=0

Compilation events (20 events):
Event: 19.759 Thread 0x00000246a2439130 nmethod 10315 0x0000024692ec1b90 code [0x0000024692ec1d20, 0x0000024692ec1df8]
Event: 19.759 Thread 0x00000246a2439130 10316       1       org.gradle.internal.execution.history.changes.ExecutionStateChanges$1::getBeforeExecutionState (5 bytes)
Event: 19.759 Thread 0x00000246a2439130 nmethod 10316 0x0000024692ec1e90 code [0x0000024692ec2020, 0x0000024692ec20f8]
Event: 19.759 Thread 0x00000246a2439130 10319       3       org.gradle.execution.plan.DefaultPlanExecutor$MergedQueues::nothingMoreToStart (30 bytes)
Event: 19.760 Thread 0x00000246a2439130 nmethod 10319 0x000002468c18b410 code [0x000002468c18b5c0, 0x000002468c18b8f8]
Event: 19.761 Thread 0x00000246a2439130 10320       3       sun.nio.ch.Util::getTemporaryDirectBuffer (55 bytes)
Event: 19.761 Thread 0x00000246a2439130 nmethod 10320 0x000002468c18ba10 code [0x000002468c18bc80, 0x000002468c18c6a8]
Event: 19.761 Thread 0x00000246a2439130 10321       3       sun.nio.ch.Util$BufferCache::get (164 bytes)
Event: 19.762 Thread 0x00000246a2439130 nmethod 10321 0x000002468c18c990 code [0x000002468c18cbc0, 0x000002468c18d598]
Event: 19.762 Thread 0x00000246a2439130 10322       3       sun.nio.ch.Util::offerFirstTemporaryDirectBuffer (53 bytes)
Event: 19.763 Thread 0x00000246a2439130 nmethod 10322 0x000002468c18d890 code [0x000002468c18dae0, 0x000002468c18e478]
Event: 19.764 Thread 0x00000246a2439130 10323       3       org.gradle.internal.classloader.ClassLoaderVisitor::visitSpec (1 bytes)
Event: 19.765 Thread 0x00000246a2439130 nmethod 10323 0x000002468c18e790 code [0x000002468c18e920, 0x000002468c18ea38]
Event: 19.766 Thread 0x00000246a2439130 10324       3       org.gradle.internal.Try$Success::getOrMapFailure (5 bytes)
Event: 19.766 Thread 0x00000246a2439130 nmethod 10324 0x000002468c18eb10 code [0x000002468c18eca0, 0x000002468c18edb8]
Event: 19.769 Thread 0x00000246a38231c0 nmethod 10281 0x0000024692ec2190 code [0x0000024692ec2360, 0x0000024692ec2f08]
Event: 19.769 Thread 0x00000246a38231c0 10291       4       java.math.BigInteger::makePositive (259 bytes)
Event: 19.769 Thread 0x00000246a2439130 10326       3       com.google.common.collect.ImmutableSortedMap::of (30 bytes)
Event: 19.770 Thread 0x00000246a2439130 nmethod 10326 0x000002468c18ee90 code [0x000002468c18f180, 0x000002468c1904a8]
Event: 19.770 Thread 0x00000246a2439130 10327       3       java.util.function.Function::identity (6 bytes)

GC Heap History (20 events):
Event: 13.954 GC heap after
{Heap after GC invocations=27 (full 0):
 garbage-first heap   total 124928K, used 60864K [0x0000000080000000, 0x0000000100000000)
  region size 1024K, 4 young (4096K), 4 survivors (4096K)
 Metaspace       used 70169K, committed 70784K, reserved 1114112K
  class space    used 9248K, committed 9536K, reserved 1048576K
}
Event: 14.396 GC heap before
{Heap before GC invocations=27 (full 0):
 garbage-first heap   total 124928K, used 85440K [0x0000000080000000, 0x0000000100000000)
  region size 1024K, 29 young (29696K), 4 survivors (4096K)
 Metaspace       used 72219K, committed 72704K, reserved 1114112K
  class space    used 9493K, committed 9728K, reserved 1048576K
}
Event: 14.402 GC heap after
{Heap after GC invocations=28 (full 0):
 garbage-first heap   total 124928K, used 63566K [0x0000000080000000, 0x0000000100000000)
  region size 1024K, 3 young (3072K), 3 survivors (3072K)
 Metaspace       used 72219K, committed 72704K, reserved 1114112K
  class space    used 9493K, committed 9728K, reserved 1048576K
}
Event: 14.820 GC heap before
{Heap before GC invocations=29 (full 0):
 garbage-first heap   total 124928K, used 95310K [0x0000000080000000, 0x0000000100000000)
  region size 1024K, 33 young (33792K), 3 survivors (3072K)
 Metaspace       used 73221K, committed 73792K, reserved 1114112K
  class space    used 9654K, committed 9920K, reserved 1048576K
}
Event: 14.827 GC heap after
{Heap after GC invocations=30 (full 0):
 garbage-first heap   total 124928K, used 65537K [0x0000000080000000, 0x0000000100000000)
  region size 1024K, 5 young (5120K), 5 survivors (5120K)
 Metaspace       used 73221K, committed 73792K, reserved 1114112K
  class space    used 9654K, committed 9920K, reserved 1048576K
}
Event: 15.305 GC heap before
{Heap before GC invocations=30 (full 0):
 garbage-first heap   total 124928K, used 96257K [0x0000000080000000, 0x0000000100000000)
  region size 1024K, 35 young (35840K), 5 survivors (5120K)
 Metaspace       used 75361K, committed 75904K, reserved 1122304K
  class space    used 9973K, committed 10240K, reserved 1048576K
}
Event: 15.313 GC heap after
{Heap after GC invocations=31 (full 0):
 garbage-first heap   total 124928K, used 67756K [0x0000000080000000, 0x0000000100000000)
  region size 1024K, 5 young (5120K), 5 survivors (5120K)
 Metaspace       used 75361K, committed 75904K, reserved 1122304K
  class space    used 9973K, committed 10240K, reserved 1048576K
}
Event: 16.012 GC heap before
{Heap before GC invocations=32 (full 0):
 garbage-first heap   total 124928K, used 97452K [0x0000000080000000, 0x0000000100000000)
  region size 1024K, 34 young (34816K), 5 survivors (5120K)
 Metaspace       used 79007K, committed 79616K, reserved 1122304K
  class space    used 10659K, committed 10944K, reserved 1048576K
}
Event: 16.020 GC heap after
{Heap after GC invocations=33 (full 0):
 garbage-first heap   total 124928K, used 69590K [0x0000000080000000, 0x0000000100000000)
  region size 1024K, 4 young (4096K), 4 survivors (4096K)
 Metaspace       used 79007K, committed 79616K, reserved 1122304K
  class space    used 10659K, committed 10944K, reserved 1048576K
}
Event: 16.042 GC heap before
{Heap before GC invocations=33 (full 0):
 garbage-first heap   total 124928K, used 71638K [0x0000000080000000, 0x0000000100000000)
  region size 1024K, 6 young (6144K), 4 survivors (4096K)
 Metaspace       used 79065K, committed 79680K, reserved 1122304K
  class space    used 10668K, committed 10944K, reserved 1048576K
}
Event: 16.050 GC heap after
{Heap after GC invocations=34 (full 0):
 garbage-first heap   total 150528K, used 69893K [0x0000000080000000, 0x0000000100000000)
  region size 1024K, 1 young (1024K), 1 survivors (1024K)
 Metaspace       used 79065K, committed 79680K, reserved 1122304K
  class space    used 10668K, committed 10944K, reserved 1048576K
}
Event: 17.119 GC heap before
{Heap before GC invocations=34 (full 0):
 garbage-first heap   total 150528K, used 116997K [0x0000000080000000, 0x0000000100000000)
  region size 1024K, 47 young (48128K), 1 survivors (1024K)
 Metaspace       used 84049K, committed 84672K, reserved 1122304K
  class space    used 11442K, committed 11712K, reserved 1048576K
}
Event: 17.129 GC heap after
{Heap after GC invocations=35 (full 0):
 garbage-first heap   total 150528K, used 72557K [0x0000000080000000, 0x0000000100000000)
  region size 1024K, 4 young (4096K), 4 survivors (4096K)
 Metaspace       used 84049K, committed 84672K, reserved 1122304K
  class space    used 11442K, committed 11712K, reserved 1048576K
}
Event: 17.988 GC heap before
{Heap before GC invocations=36 (full 0):
 garbage-first heap   total 150528K, used 117613K [0x0000000080000000, 0x0000000100000000)
  region size 1024K, 48 young (49152K), 4 survivors (4096K)
 Metaspace       used 87686K, committed 88320K, reserved 1130496K
  class space    used 11918K, committed 12224K, reserved 1048576K
}
Event: 18.003 GC heap after
{Heap after GC invocations=37 (full 0):
 garbage-first heap   total 150528K, used 77592K [0x0000000080000000, 0x0000000100000000)
  region size 1024K, 5 young (5120K), 5 survivors (5120K)
 Metaspace       used 87686K, committed 88320K, reserved 1130496K
  class space    used 11918K, committed 12224K, reserved 1048576K
}
Event: 18.525 GC heap before
{Heap before GC invocations=37 (full 0):
 garbage-first heap   total 150528K, used 120600K [0x0000000080000000, 0x0000000100000000)
  region size 1024K, 47 young (48128K), 5 survivors (5120K)
 Metaspace       used 89099K, committed 89792K, reserved 1130496K
  class space    used 12215K, committed 12544K, reserved 1048576K
}
Event: 18.540 GC heap after
{Heap after GC invocations=38 (full 0):
 garbage-first heap   total 150528K, used 83968K [0x0000000080000000, 0x0000000100000000)
  region size 1024K, 6 young (6144K), 6 survivors (6144K)
 Metaspace       used 89099K, committed 89792K, reserved 1130496K
  class space    used 12215K, committed 12544K, reserved 1048576K
}
Event: 19.379 GC heap before
{Heap before GC invocations=38 (full 0):
 garbage-first heap   total 150528K, used 120832K [0x0000000080000000, 0x0000000100000000)
  region size 1024K, 43 young (44032K), 6 survivors (6144K)
 Metaspace       used 90455K, committed 91136K, reserved 1130496K
  class space    used 12425K, committed 12736K, reserved 1048576K
}
Event: 19.394 GC heap after
{Heap after GC invocations=39 (full 0):
 garbage-first heap   total 150528K, used 89833K [0x0000000080000000, 0x0000000100000000)
  region size 1024K, 6 young (6144K), 6 survivors (6144K)
 Metaspace       used 90455K, committed 91136K, reserved 1130496K
  class space    used 12425K, committed 12736K, reserved 1048576K
}
Event: 19.771 GC heap before
{Heap before GC invocations=39 (full 0):
 garbage-first heap   total 150528K, used 120553K [0x0000000080000000, 0x0000000100000000)
  region size 1024K, 37 young (37888K), 6 survivors (6144K)
 Metaspace       used 90612K, committed 91264K, reserved 1130496K
  class space    used 12425K, committed 12736K, reserved 1048576K
}

Dll operation events (2 events):
Event: 0.015 Loaded shared library C:\Program Files\Android\Android Studio\jbr\bin\java.dll
Event: 0.610 Loaded shared library C:\Program Files\Android\Android Studio\jbr\bin\verify.dll

Deoptimization events (20 events):
Event: 19.220 Thread 0x00000246a3239830 DEOPT PACKING pc=0x000002468b2fac9b sp=0x000000c4c34fc9e0
Event: 19.220 Thread 0x00000246a3239830 DEOPT UNPACKING pc=0x00000246924dace3 sp=0x000000c4c34fbe50 mode 0
Event: 19.422 Thread 0x00000246a568ee80 Uncommon trap: trap_request=0xffffff45 fr.pc=0x0000024692ca10dc relative=0x000000000000021c
Event: 19.422 Thread 0x00000246a568ee80 Uncommon trap: reason=unstable_if action=reinterpret pc=0x0000024692ca10dc method=com.esotericsoftware.kryo.io.Input.readVarInt(Z)I @ 42 c2
Event: 19.422 Thread 0x00000246a568ee80 DEOPT PACKING pc=0x0000024692ca10dc sp=0x000000c4c19fe760
Event: 19.422 Thread 0x00000246a568ee80 DEOPT UNPACKING pc=0x00000246924da1a3 sp=0x000000c4c19fe650 mode 2
Event: 19.489 Thread 0x00000246a3bcc420 DEOPT PACKING pc=0x000002468ba74320 sp=0x000000c4c11fe0b0
Event: 19.489 Thread 0x00000246a3bcc420 DEOPT UNPACKING pc=0x00000246924dace3 sp=0x000000c4c11fd570 mode 0
Event: 19.522 Thread 0x00000246a3bcc420 DEOPT PACKING pc=0x000002468ba74320 sp=0x000000c4c11fe0b0
Event: 19.522 Thread 0x00000246a3bcc420 DEOPT UNPACKING pc=0x00000246924dace3 sp=0x000000c4c11fd570 mode 0
Event: 19.561 Thread 0x00000246a56936b0 Uncommon trap: trap_request=0xffffff45 fr.pc=0x0000024692b27bdc relative=0x000000000000023c
Event: 19.561 Thread 0x00000246a56936b0 Uncommon trap: reason=unstable_if action=reinterpret pc=0x0000024692b27bdc method=java.util.concurrent.ConcurrentHashMap.get(Ljava/lang/Object;)Ljava/lang/Object; @ 86 c2
Event: 19.561 Thread 0x00000246a56936b0 DEOPT PACKING pc=0x0000024692b27bdc sp=0x000000c4c2afe380
Event: 19.561 Thread 0x00000246a56936b0 DEOPT UNPACKING pc=0x00000246924da1a3 sp=0x000000c4c2afe2f8 mode 2
Event: 19.569 Thread 0x00000246a3bcc420 DEOPT PACKING pc=0x000002468ba74320 sp=0x000000c4c11fe0b0
Event: 19.569 Thread 0x00000246a3bcc420 DEOPT UNPACKING pc=0x00000246924dace3 sp=0x000000c4c11fd570 mode 0
Event: 19.611 Thread 0x00000246a3bcc420 DEOPT PACKING pc=0x000002468ba74320 sp=0x000000c4c11fe0b0
Event: 19.611 Thread 0x00000246a3bcc420 DEOPT UNPACKING pc=0x00000246924dace3 sp=0x000000c4c11fd570 mode 0
Event: 19.670 Thread 0x00000246a3bcc420 DEOPT PACKING pc=0x000002468b94cfa4 sp=0x000000c4c11fe440
Event: 19.670 Thread 0x00000246a3bcc420 DEOPT UNPACKING pc=0x00000246924dace3 sp=0x000000c4c11fd8a8 mode 0

Classes unloaded (0 events):
No events

Classes redefined (0 events):
No events

Internal exceptions (20 events):
Event: 18.512 Thread 0x00000246a3bcb5b0 Exception <a 'java/lang/NoSuchMethodError'{0x0000000086aee460}: static Lorg/gradle/internal/build/event/types/DefaultTaskFinishedProgressEvent;.<clinit>()V> (0x0000000086aee460) 
thrown [s\src\hotspot\share\prims\jni.cpp, line 1108]
Event: 18.515 Thread 0x00000246a3bcb5b0 Exception <a 'java/lang/NoSuchMethodError'{0x0000000086915378}: static Lorg/gradle/internal/build/event/types/DefaultTaskSuccessResult;.<clinit>()V> (0x0000000086915378) 
thrown [s\src\hotspot\share\prims\jni.cpp, line 1108]
Event: 18.515 Thread 0x00000246a3bcb5b0 Exception <a 'java/lang/NoSuchMethodError'{0x000000008692ea28}: static Lorg/gradle/internal/build/event/types/AbstractTaskResult;.<clinit>()V> (0x000000008692ea28) 
thrown [s\src\hotspot\share\prims\jni.cpp, line 1108]
Event: 18.520 Thread 0x00000246a5f29d50 Exception <a 'sun/nio/fs/WindowsException'{0x00000000871c3a78}> (0x00000000871c3a78) 
thrown [s\src\hotspot\share\prims\jni.cpp, line 517]
Event: 18.547 Thread 0x00000246a3bcb5b0 Exception <a 'java/lang/NoSuchMethodError'{0x0000000089279c98}: static Lorg/gradle/internal/build/event/types/DefaultTaskSkippedResult;.<clinit>()V> (0x0000000089279c98) 
thrown [s\src\hotspot\share\prims\jni.cpp, line 1108]
Event: 18.550 Thread 0x00000246a25499f0 Exception <a 'java/lang/NoSuchMethodError'{0x000000008910c510}: static Lcom/android/buildanalyzer/common/AndroidGradlePluginAttributionData$BuildInfo;.<clinit>()V> (0x000000008910c510) 
thrown [s\src\hotspot\share\prims\jni.cpp, line 1108]
Event: 18.553 Thread 0x00000246a25499f0 Exception <a 'java/lang/NoSuchMethodError'{0x0000000089123048}: static Lcom/android/buildanalyzer/common/AndroidGradlePluginAttributionData$JavaInfo;.<clinit>()V> (0x0000000089123048) 
thrown [s\src\hotspot\share\prims\jni.cpp, line 1108]
Event: 18.562 Thread 0x00000246a25499f0 Exception <a 'java/lang/NoSuchMethodError'{0x0000000089158860}: static [Ljava/lang/String;.<clinit>()V> (0x0000000089158860) 
thrown [s\src\hotspot\share\prims\jni.cpp, line 1108]
Event: 18.564 Thread 0x00000246a25499f0 Exception <a 'java/lang/NoSuchMethodError'{0x000000008917a820}: static Lcom/android/buildanalyzer/common/AndroidGradlePluginAttributionData$TaskInfo;.<clinit>()V> (0x000000008917a820) 
thrown [s\src\hotspot\share\prims\jni.cpp, line 1108]
Event: 18.565 Thread 0x00000246a25499f0 Exception <a 'java/lang/NoSuchMethodError'{0x00000000891871c0}: static Lcom/android/buildanalyzer/common/AndroidGradlePluginAttributionData$TaskCategoryInfo;.<clinit>()V> (0x00000000891871c0) 
thrown [s\src\hotspot\share\prims\jni.cpp, line 1108]
Event: 18.574 Thread 0x00000246a25499f0 Exception <a 'java/lang/NoSuchMethodError'{0x00000000891da930}: 'void java.lang.invoke.DirectMethodHandle$Holder.invokeSpecial(java.lang.Object, java.lang.Object, java.lang.Object, int)'> (0x00000000891da930) 
thrown [s\src\hotspot\share\interpreter\linkResolver.cpp, line 771]
Event: 19.154 Thread 0x00000246a5f29d50 Exception <a 'java/lang/NoSuchMethodError'{0x00000000882f1fd0}: 'void java.lang.invoke.DirectMethodHandle$Holder.invokeStatic(java.lang.Object, java.lang.Object, java.lang.Object, java.lang.Object, int, java.lang.Object, java.lang.Object)'> (0x00000000882f1fd0) 
thrown [s\src\hotspot\share\interpreter\linkResolver.cpp, line 771]
Event: 19.190 Thread 0x00000246a2545690 Exception <a 'java/lang/NoSuchMethodError'{0x0000000087c69130}: 'java.lang.Object java.lang.invoke.DirectMethodHandle$Holder.invokeSpecialIFC(java.lang.Object, java.lang.Object, java.lang.Object)'> (0x0000000087c69130) 
thrown [s\src\hotspot\share\interpreter\linkResolver.cpp, line 771]
Event: 19.190 Thread 0x00000246a3236340 Exception <a 'java/lang/NoSuchMethodError'{0x0000000087c900e8}: 'java.lang.Object java.lang.invoke.DirectMethodHandle$Holder.invokeSpecialIFC(java.lang.Object, java.lang.Object, java.lang.Object)'> (0x0000000087c900e8) 
thrown [s\src\hotspot\share\interpreter\linkResolver.cpp, line 771]
Event: 19.190 Thread 0x00000246a3239830 Exception <a 'java/lang/NoSuchMethodError'{0x0000000087c4e910}: 'java.lang.Object java.lang.invoke.DirectMethodHandle$Holder.invokeSpecialIFC(java.lang.Object, java.lang.Object, java.lang.Object)'> (0x0000000087c4e910) 
thrown [s\src\hotspot\share\interpreter\linkResolver.cpp, line 771]
Event: 19.190 Thread 0x00000246a7caded0 Exception <a 'java/lang/NoSuchMethodError'{0x0000000087c76558}: 'java.lang.Object java.lang.invoke.DirectMethodHandle$Holder.invokeSpecialIFC(java.lang.Object, java.lang.Object, java.lang.Object)'> (0x0000000087c76558) 
thrown [s\src\hotspot\share\interpreter\linkResolver.cpp, line 771]
Event: 19.190 Thread 0x00000246a5f29d50 Exception <a 'java/lang/NoSuchMethodError'{0x0000000087c3af60}: 'java.lang.Object java.lang.invoke.DirectMethodHandle$Holder.invokeSpecialIFC(java.lang.Object, java.lang.Object, java.lang.Object)'> (0x0000000087c3af60) 
thrown [s\src\hotspot\share\interpreter\linkResolver.cpp, line 771]
Event: 19.190 Thread 0x00000246a7ca9b70 Exception <a 'java/lang/NoSuchMethodError'{0x0000000087c5bc20}: 'java.lang.Object java.lang.invoke.DirectMethodHandle$Holder.invokeSpecialIFC(java.lang.Object, java.lang.Object, java.lang.Object)'> (0x0000000087c5bc20) 
thrown [s\src\hotspot\share\interpreter\linkResolver.cpp, line 771]
Event: 19.190 Thread 0x00000246a7caa9e0 Exception <a 'java/lang/NoSuchMethodError'{0x0000000087c30cd8}: 'java.lang.Object java.lang.invoke.DirectMethodHandle$Holder.invokeSpecialIFC(java.lang.Object, java.lang.Object, java.lang.Object)'> (0x0000000087c30cd8) 
thrown [s\src\hotspot\share\interpreter\linkResolver.cpp, line 771]
Event: 19.190 Thread 0x00000246a25469d0 Exception <a 'java/lang/NoSuchMethodError'{0x0000000087c82dd0}: 'java.lang.Object java.lang.invoke.DirectMethodHandle$Holder.invokeSpecialIFC(java.lang.Object, java.lang.Object, java.lang.Object)'> (0x0000000087c82dd0) 
thrown [s\src\hotspot\share\interpreter\linkResolver.cpp, line 771]

VM Operations (20 events):
Event: 18.472 Executing VM operation: HandshakeAllThreads done
Event: 18.510 Executing VM operation: HandshakeAllThreads
Event: 18.510 Executing VM operation: HandshakeAllThreads done
Event: 18.525 Executing VM operation: G1CollectForAllocation
Event: 18.540 Executing VM operation: G1CollectForAllocation done
Event: 18.543 Executing VM operation: HandshakeAllThreads
Event: 18.543 Executing VM operation: HandshakeAllThreads done
Event: 18.901 Executing VM operation: ICBufferFull
Event: 18.901 Executing VM operation: ICBufferFull done
Event: 19.054 Executing VM operation: ICBufferFull
Event: 19.054 Executing VM operation: ICBufferFull done
Event: 19.076 Executing VM operation: HandshakeAllThreads
Event: 19.076 Executing VM operation: HandshakeAllThreads done
Event: 19.328 Executing VM operation: ICBufferFull
Event: 19.328 Executing VM operation: ICBufferFull done
Event: 19.379 Executing VM operation: G1CollectForAllocation
Event: 19.394 Executing VM operation: G1CollectForAllocation done
Event: 19.720 Executing VM operation: ICBufferFull
Event: 19.721 Executing VM operation: ICBufferFull done
Event: 19.770 Executing VM operation: G1CollectForAllocation

Events (20 events):
Event: 18.578 loading class java/io/ObjectInputFilter$Config$BuiltinFilterFactory
Event: 18.579 loading class java/io/ObjectInputFilter$Config$BuiltinFilterFactory done
Event: 18.579 loading class jdk/internal/access/JavaObjectInputFilterAccess
Event: 18.579 loading class jdk/internal/access/JavaObjectInputFilterAccess done
Event: 18.580 loading class jdk/internal/event/DeserializationEvent
Event: 18.581 loading class jdk/internal/event/DeserializationEvent done
Event: 18.581 loading class java/io/ObjectInputStream$FieldValues
Event: 18.581 loading class java/io/ObjectInputStream$GetField
Event: 18.582 loading class java/io/ObjectInputStream$GetField done
Event: 18.582 loading class java/io/ObjectInputStream$FieldValues done
Event: 19.226 loading class java/util/stream/ReferencePipeline$4
Event: 19.226 loading class java/util/stream/ReferencePipeline$4 done
Event: 19.226 loading class java/util/function/IntBinaryOperator
Event: 19.226 loading class java/util/function/IntBinaryOperator done
Event: 19.226 loading class java/util/stream/ReduceOps$6
Event: 19.227 loading class java/util/stream/ReduceOps$6 done
Event: 19.227 loading class java/util/stream/ReduceOps$5ReducingSink
Event: 19.227 loading class java/util/stream/ReduceOps$5ReducingSink done
Event: 19.227 loading class java/util/stream/ReferencePipeline$4$1
Event: 19.227 loading class java/util/stream/ReferencePipeline$4$1 done


Dynamic libraries:
0x00007ff733200000 - 0x00007ff73320a000 	C:\Program Files\Android\Android Studio\jbr\bin\java.exe
0x00007fffb9530000 - 0x00007fffb9747000 	C:\WINDOWS\SYSTEM32\ntdll.dll
0x00007fffb79b0000 - 0x00007fffb7a74000 	C:\WINDOWS\System32\KERNEL32.DLL
0x00007fffb6aa0000 - 0x00007fffb6e57000 	C:\WINDOWS\System32\KERNELBASE.dll
0x00007fffb6980000 - 0x00007fffb6a91000 	C:\WINDOWS\System32\ucrtbase.dll
0x00007fff72520000 - 0x00007fff72537000 	C:\Program Files\Android\Android Studio\jbr\bin\jli.dll
0x00007fffb9130000 - 0x00007fffb92df000 	C:\WINDOWS\System32\USER32.dll
0x00007fff5d630000 - 0x00007fff5d64b000 	C:\Program Files\Android\Android Studio\jbr\bin\VCRUNTIME140.dll
0x00007fffb6ff0000 - 0x00007fffb7016000 	C:\WINDOWS\System32\win32u.dll
0x00007fffa0080000 - 0x00007fffa0313000 	C:\WINDOWS\WinSxS\amd64_microsoft.windows.common-controls_6595b64144ccf1df_6.0.22621.3672_none_2713b9d173822955\COMCTL32.dll
0x00007fffb7db0000 - 0x00007fffb7dd9000 	C:\WINDOWS\System32\GDI32.dll
0x00007fffb7780000 - 0x00007fffb7827000 	C:\WINDOWS\System32\msvcrt.dll
0x00007fffb6e60000 - 0x00007fffb6f78000 	C:\WINDOWS\System32\gdi32full.dll
0x00007fffb7190000 - 0x00007fffb722a000 	C:\WINDOWS\System32\msvcp_win.dll
0x00007fffb92f0000 - 0x00007fffb9321000 	C:\WINDOWS\System32\IMM32.DLL
0x00007fffaf8f0000 - 0x00007fffaf8fc000 	C:\Program Files\Android\Android Studio\jbr\bin\vcruntime140_1.dll
0x00007fff5b820000 - 0x00007fff5b8ad000 	C:\Program Files\Android\Android Studio\jbr\bin\msvcp140.dll
0x00007fff4ef70000 - 0x00007fff4fbde000 	C:\Program Files\Android\Android Studio\jbr\bin\server\jvm.dll
0x00007fffb7510000 - 0x00007fffb75c2000 	C:\WINDOWS\System32\ADVAPI32.dll
0x00007fffb76b0000 - 0x00007fffb7758000 	C:\WINDOWS\System32\sechost.dll
0x00007fffb7230000 - 0x00007fffb7258000 	C:\WINDOWS\System32\bcrypt.dll
0x00007fffb7890000 - 0x00007fffb79a4000 	C:\WINDOWS\System32\RPCRT4.dll
0x00007fffaf7a0000 - 0x00007fffaf7d4000 	C:\WINDOWS\SYSTEM32\WINMM.dll
0x00007fffaf5d0000 - 0x00007fffaf5d9000 	C:\WINDOWS\SYSTEM32\WSOCK32.dll
0x00007fffaf5b0000 - 0x00007fffaf5ba000 	C:\WINDOWS\SYSTEM32\VERSION.dll
0x00007fffb7d30000 - 0x00007fffb7da1000 	C:\WINDOWS\System32\WS2_32.dll
0x00007fffb5860000 - 0x00007fffb5878000 	C:\WINDOWS\SYSTEM32\kernel.appcore.dll
0x00007fffad000000 - 0x00007fffad00a000 	C:\Program Files\Android\Android Studio\jbr\bin\jimage.dll
0x00007fffb4120000 - 0x00007fffb4352000 	C:\WINDOWS\SYSTEM32\DBGHELP.DLL
0x00007fffb8da0000 - 0x00007fffb912e000 	C:\WINDOWS\System32\combase.dll
0x00007fffb7410000 - 0x00007fffb74e7000 	C:\WINDOWS\System32\OLEAUT32.dll
0x00007fff8ac10000 - 0x00007fff8ac42000 	C:\WINDOWS\SYSTEM32\dbgcore.DLL
0x00007fffb6900000 - 0x00007fffb697b000 	C:\WINDOWS\System32\bcryptPrimitives.dll
0x00007fff9c770000 - 0x00007fff9c795000 	C:\Program Files\Android\Android Studio\jbr\bin\java.dll
0x00007fff9c990000 - 0x00007fff9c9a8000 	C:\Program Files\Android\Android Studio\jbr\bin\zip.dll
0x00007fffb8530000 - 0x00007fffb8d99000 	C:\WINDOWS\System32\SHELL32.dll
0x00007fffb4760000 - 0x00007fffb505f000 	C:\WINDOWS\SYSTEM32\windows.storage.dll
0x00007fffb4620000 - 0x00007fffb475f000 	C:\WINDOWS\SYSTEM32\wintypes.dll
0x00007fffb7260000 - 0x00007fffb7359000 	C:\WINDOWS\System32\SHCORE.dll
0x00007fffb75d0000 - 0x00007fffb762e000 	C:\WINDOWS\System32\shlwapi.dll
0x00007fffb6770000 - 0x00007fffb6797000 	C:\WINDOWS\SYSTEM32\profapi.dll
0x00007fff9c7d0000 - 0x00007fff9c7e9000 	C:\Program Files\Android\Android Studio\jbr\bin\net.dll
0x00007fffb2e90000 - 0x00007fffb2fc6000 	C:\WINDOWS\SYSTEM32\WINHTTP.dll
0x00007fffb5d70000 - 0x00007fffb5dd9000 	C:\WINDOWS\system32\mswsock.dll
0x00007fff96480000 - 0x00007fff96496000 	C:\Program Files\Android\Android Studio\jbr\bin\nio.dll
0x00007fff9f660000 - 0x00007fff9f670000 	C:\Program Files\Android\Android Studio\jbr\bin\verify.dll
0x00007fff7e5c0000 - 0x00007fff7e5e7000 	C:\Users\ASUS\.gradle\native\68d5fa5c4cc2d200863cafc0d521ce42e7d3e7ee720ec0a83991735586a16f82\windows-amd64\native-platform.dll
0x00007fff5b030000 - 0x00007fff5b174000 	C:\Users\ASUS\.gradle\native\e376f236ea51e6404a007f0833ffe2c6e607c4080706a723a18a27aeea778392\windows-amd64\native-platform-file-events.dll
0x00007fff9d640000 - 0x00007fff9d649000 	C:\Program Files\Android\Android Studio\jbr\bin\management.dll
0x00007fff9cba0000 - 0x00007fff9cbab000 	C:\Program Files\Android\Android Studio\jbr\bin\management_ext.dll
0x00007fffb7ef0000 - 0x00007fffb7ef8000 	C:\WINDOWS\System32\PSAPI.DLL
0x00007fffb5fc0000 - 0x00007fffb5fdb000 	C:\WINDOWS\SYSTEM32\CRYPTSP.dll
0x00007fffb57c0000 - 0x00007fffb57f5000 	C:\WINDOWS\system32\rsaenh.dll
0x00007fffb5e60000 - 0x00007fffb5e88000 	C:\WINDOWS\SYSTEM32\USERENV.dll
0x00007fffb5fe0000 - 0x00007fffb5fec000 	C:\WINDOWS\SYSTEM32\CRYPTBASE.dll
0x00007fffb52b0000 - 0x00007fffb52dd000 	C:\WINDOWS\SYSTEM32\IPHLPAPI.DLL
0x00007fffb74f0000 - 0x00007fffb74f9000 	C:\WINDOWS\System32\NSI.dll
0x00007fffaf6b0000 - 0x00007fffaf6c9000 	C:\WINDOWS\SYSTEM32\dhcpcsvc6.DLL
0x00007fffaf690000 - 0x00007fffaf6af000 	C:\WINDOWS\SYSTEM32\dhcpcsvc.DLL
0x00007fffb52e0000 - 0x00007fffb53e2000 	C:\WINDOWS\SYSTEM32\DNSAPI.dll
0x00007fff89f60000 - 0x00007fff89f68000 	C:\WINDOWS\system32\wshunix.dll
0x00007fffaf0d0000 - 0x00007fffaf0da000 	C:\Windows\System32\rasadhlp.dll
0x00007fffaef20000 - 0x00007fffaefa3000 	C:\WINDOWS\System32\fwpuclnt.dll

dbghelp: loaded successfully - version: 4.0.5 - missing functions: none
symbol engine: initialized successfully - sym options: 0x614 - pdb path: .;C:\Program Files\Android\Android Studio\jbr\bin;C:\WINDOWS\SYSTEM32;C:\WINDOWS\WinSxS\amd64_microsoft.windows.common-controls_6595b64144ccf1df_6.0.22621.3672_none_2713b9d173822955;C:\Program Files\Android\Android Studio\jbr\bin\server;C:\Users\ASUS\.gradle\native\68d5fa5c4cc2d200863cafc0d521ce42e7d3e7ee720ec0a83991735586a16f82\windows-amd64;C:\Users\ASUS\.gradle\native\e376f236ea51e6404a007f0833ffe2c6e607c4080706a723a18a27aeea778392\windows-amd64

VM Arguments:
jvm_args: --add-opens=java.base/java.util=ALL-UNNAMED --add-opens=java.base/java.lang=ALL-UNNAMED --add-opens=java.base/java.lang.invoke=ALL-UNNAMED --add-opens=java.prefs/java.util.prefs=ALL-UNNAMED --add-opens=java.base/java.nio.charset=ALL-UNNAMED --add-opens=java.base/java.net=ALL-UNNAMED --add-opens=java.base/java.util.concurrent.atomic=ALL-UNNAMED -Xmx2048m -Dfile.encoding=UTF-8 -Duser.country=US -Duser.language=en -Duser.variant 
java_command: org.gradle.launcher.daemon.bootstrap.GradleDaemon 8.0
java_class_path (initial): C:\Users\ASUS\.gradle\wrapper\dists\gradle-8.0-bin\ca5e32bp14vu59qr306oxotwh\gradle-8.0\lib\gradle-launcher-8.0.jar
Launcher Type: SUN_STANDARD

[Global flags]
     intx CICompilerCount                          = 4                                         {product} {ergonomic}
     uint ConcGCThreads                            = 2                                         {product} {ergonomic}
     uint G1ConcRefinementThreads                  = 8                                         {product} {ergonomic}
   size_t G1HeapRegionSize                         = 1048576                                   {product} {ergonomic}
    uintx GCDrainStackTargetSize                   = 64                                        {product} {ergonomic}
   size_t InitialHeapSize                          = 130023424                                 {product} {ergonomic}
   size_t MarkStackSize                            = 4194304                                   {product} {ergonomic}
   size_t MaxHeapSize                              = 2147483648                                {product} {command line}
   size_t MaxNewSize                               = 1287651328                                {product} {ergonomic}
   size_t MinHeapDeltaBytes                        = 1048576                                   {product} {ergonomic}
   size_t MinHeapSize                              = 8388608                                   {product} {ergonomic}
    uintx NonNMethodCodeHeapSize                   = 5839372                                {pd product} {ergonomic}
    uintx NonProfiledCodeHeapSize                  = 122909434                              {pd product} {ergonomic}
    uintx ProfiledCodeHeapSize                     = 122909434                              {pd product} {ergonomic}
    uintx ReservedCodeCacheSize                    = 251658240                              {pd product} {ergonomic}
     bool SegmentedCodeCache                       = true                                      {product} {ergonomic}
   size_t SoftMaxHeapSize                          = 2147483648                             {manageable} {ergonomic}
     bool UseCompressedClassPointers               = true                           {product lp64_product} {ergonomic}
     bool UseCompressedOops                        = true                           {product lp64_product} {ergonomic}
     bool UseG1GC                                  = true                                      {product} {ergonomic}
     bool UseLargePagesIndividualAllocation        = false                                  {pd product} {ergonomic}

Logging:
Log output configuration:
 #0: stdout all=warning uptime,level,tags
 #1: stderr all=off uptime,level,tags

Environment Variables:
PATH=C:\Program Files (x86)\Common Files\Intel\Shared Libraries\redist\intel64\compiler;C:\WINDOWS\system32;C:\WINDOWS;C:\WINDOWS\System32\Wbem;C:\WINDOWS\System32\WindowsPowerShell\v1.0\;C:\WINDOWS\System32\OpenSSH\;C:\Program Files\dotnet\;C:\Program Files\Git\cmd;C:\Users\ASUS\AppData\Local\Programs\Python\Python311\Scripts\;C:\Users\ASUS\AppData\Local\Programs\Python\Python311\;C:\Users\ASUS\AppData\Local\Programs\Python\Launcher\;C:\Users\ASUS\AppData\Local\Microsoft\WindowsApps;C:\Users\ASUS\.dotnet\tools;C:\Users\ASUS\AppData\Local\Programs\Microsoft VS Code\bin;C:\Users\ASUS\AppData\Local\GitHubDesktop\bin
USERNAME=ASUS
OS=Windows_NT
PROCESSOR_IDENTIFIER=Intel64 Family 6 Model 140 Stepping 1, GenuineIntel
TMP=C:\Users\ASUS\AppData\Local\Temp
TEMP=C:\Users\ASUS\AppData\Local\Temp


JNI global refs:
JNI global refs: 24, weak refs: 5

JNI global refs memory usage: 843, weak refs: 841


---------------  S Y S T E M  ---------------

OS:
 Windows 11 , 64 bit Build 22621 (10.0.22621.3958)
OS uptime: 0 days 5:33 hours
Hyper-V role detected

CPU: total 8 (initial active 8) (4 cores per cpu, 2 threads per core) family 6 model 140 stepping 1 microcode 0x60, cx8, cmov, fxsr, ht, mmx, 3dnowpref, sse, sse2, sse3, ssse3, sse4.1, sse4.2, popcnt, lzcnt, tsc, tscinvbit, avx, avx2, aes, erms, clmul, bmi1, bmi2, adx, avx512f, avx512dq, avx512cd, avx512bw, avx512vl, sha, fma, vzeroupper, avx512_vpopcntdq, avx512_vpclmulqdq, avx512_vaes, avx512_vnni, clflush, clflushopt, clwb, avx512_vbmi2, avx512_vbmi, hv

Memory: 4k page, system-wide physical 7888M (348M free)
TotalPageFile size 14371M (AvailPageFile size 104M)
current process WorkingSet (physical memory assigned to process): 394M, peak: 394M
current process commit charge ("private bytes"): 428M, peak: 565M

vm_info: OpenJDK 64-Bit Server VM (17.0.6+0-b2043.56-10027231) for windows-amd64 JRE (17.0.6+0-b2043.56-10027231), built on Apr 28 2023 00:43:19 by "androidbuild" with MS VC++ 16.10 / 16.11 (VS2019)

END.
